[19/Apr/2011:13:50:30] ENGINE Bus STARTING
[19/Apr/2011:13:50:30] ENGINE Started monitor thread '_TimeoutMonitor'.
[19/Apr/2011:13:50:31] ENGINE Serving on localhost:8080
[19/Apr/2011:13:50:31] ENGINE Bus STARTED
[19/Apr/2011:13:52:33] ENGINE Keyboard Interrupt: shutting down bus
[19/Apr/2011:13:52:33] ENGINE Bus STOPPING
[19/Apr/2011:13:52:33] ENGINE HTTP Server cherrypy._cpwsgi_server.CPWSGIServer(('localhost', 8080)) shut down
[19/Apr/2011:13:52:33] ENGINE Stopped thread '_TimeoutMonitor'.
[19/Apr/2011:13:52:33] ENGINE Bus STOPPED
[19/Apr/2011:13:52:33] ENGINE Bus EXITING
[19/Apr/2011:13:52:33] ENGINE Bus EXITED
[19/Apr/2011:13:52:33] ENGINE Waiting for child threads to terminate...
[20/Apr/2011:20:56:10] ENGINE Bus STARTING
[20/Apr/2011:20:56:10] ENGINE Started monitor thread '_TimeoutMonitor'.
[20/Apr/2011:20:56:10] ENGINE Serving on localhost:8080
[20/Apr/2011:20:56:10] ENGINE Bus STARTED
[20/Apr/2011:20:56:24] ENGINE Keyboard Interrupt: shutting down bus
[20/Apr/2011:20:56:24] ENGINE Bus STOPPING
[20/Apr/2011:20:56:28] ENGINE HTTP Server cherrypy._cpwsgi_server.CPWSGIServer(('localhost', 8080)) shut down
[20/Apr/2011:20:56:28] ENGINE Stopped thread '_TimeoutMonitor'.
[20/Apr/2011:20:56:28] ENGINE Bus STOPPED
[20/Apr/2011:20:56:28] ENGINE Bus EXITING
[20/Apr/2011:20:56:28] ENGINE Bus EXITED
[20/Apr/2011:20:56:28] ENGINE Waiting for child threads to terminate...
[20/Apr/2011:20:58:36] ENGINE Bus STARTING
[20/Apr/2011:20:58:36] ENGINE Started monitor thread '_TimeoutMonitor'.
[20/Apr/2011:20:58:36] ENGINE Serving on localhost:8080
[20/Apr/2011:20:58:36] ENGINE Bus STARTED
[20/Apr/2011:21:01:41] ENGINE Keyboard Interrupt: shutting down bus
[20/Apr/2011:21:01:41] ENGINE Bus STOPPING
[20/Apr/2011:21:01:41] ENGINE HTTP Server cherrypy._cpwsgi_server.CPWSGIServer(('localhost', 8080)) shut down
[20/Apr/2011:21:01:41] ENGINE Stopped thread '_TimeoutMonitor'.
[20/Apr/2011:21:01:41] ENGINE Bus STOPPED
[20/Apr/2011:21:01:41] ENGINE Bus EXITING
[20/Apr/2011:21:01:41] ENGINE Bus EXITED
[20/Apr/2011:21:01:41] ENGINE Waiting for child threads to terminate...
[25/Apr/2011:22:53:49] ENGINE Bus STARTING
[25/Apr/2011:22:53:49] ENGINE Started monitor thread '_TimeoutMonitor'.
[25/Apr/2011:22:53:49] ENGINE Serving on localhost:8080
[25/Apr/2011:22:53:49] ENGINE Bus STARTED
[25/Apr/2011:22:59:39] ENGINE Keyboard Interrupt: shutting down bus
[25/Apr/2011:22:59:39] ENGINE Bus STOPPING
[25/Apr/2011:22:59:39] ENGINE HTTP Server cherrypy._cpwsgi_server.CPWSGIServer(('localhost', 8080)) shut down
[25/Apr/2011:22:59:39] ENGINE Stopped thread '_TimeoutMonitor'.
[25/Apr/2011:22:59:39] ENGINE Bus STOPPED
[25/Apr/2011:22:59:39] ENGINE Bus EXITING
[25/Apr/2011:22:59:39] ENGINE Bus EXITED
[25/Apr/2011:22:59:39] ENGINE Waiting for child threads to terminate...
[25/Apr/2011:23:00:05] ENGINE Bus STARTING
[25/Apr/2011:23:00:05] ENGINE Started monitor thread '_TimeoutMonitor'.
[25/Apr/2011:23:00:05] ENGINE Serving on localhost:8080
[25/Apr/2011:23:00:05] ENGINE Bus STARTED
[26/Apr/2011:02:04:47] ENGINE Keyboard Interrupt: shutting down bus
[26/Apr/2011:02:04:47] ENGINE Bus STOPPING
[26/Apr/2011:02:04:47] ENGINE HTTP Server cherrypy._cpwsgi_server.CPWSGIServer(('localhost', 8080)) shut down
[26/Apr/2011:02:04:47] ENGINE Stopped thread '_TimeoutMonitor'.
[26/Apr/2011:02:04:47] ENGINE Bus STOPPED
[26/Apr/2011:02:04:47] ENGINE Bus EXITING
[26/Apr/2011:02:04:47] ENGINE Bus EXITED
[26/Apr/2011:02:04:47] ENGINE Waiting for child threads to terminate...
[26/Apr/2011:04:25:30] ENGINE Bus STARTING
[26/Apr/2011:04:25:30] ENGINE Started monitor thread '_TimeoutMonitor'.
[26/Apr/2011:04:25:31] ENGINE Serving on localhost:8080
[26/Apr/2011:04:25:31] ENGINE Bus STARTED
[26/Apr/2011:05:09:57] ENGINE Keyboard Interrupt: shutting down bus
[26/Apr/2011:05:09:57] ENGINE Bus STOPPING
[26/Apr/2011:05:09:57] ENGINE HTTP Server cherrypy._cpwsgi_server.CPWSGIServer(('localhost', 8080)) shut down
[26/Apr/2011:05:09:57] ENGINE Stopped thread '_TimeoutMonitor'.
[26/Apr/2011:05:09:57] ENGINE Bus STOPPED
[26/Apr/2011:05:09:57] ENGINE Bus EXITING
[26/Apr/2011:05:09:57] ENGINE Bus EXITED
[26/Apr/2011:05:09:57] ENGINE Waiting for child threads to terminate...
[26/Apr/2011:05:10:01] ENGINE Bus STARTING
[26/Apr/2011:05:10:01] ENGINE Started monitor thread '_TimeoutMonitor'.
[26/Apr/2011:05:10:01] ENGINE Serving on localhost:8080
[26/Apr/2011:05:10:01] ENGINE Bus STARTED
[26/Apr/2011:05:12:20] ENGINE Keyboard Interrupt: shutting down bus
[26/Apr/2011:05:12:20] ENGINE Bus STOPPING
[26/Apr/2011:05:12:20] ENGINE HTTP Server cherrypy._cpwsgi_server.CPWSGIServer(('localhost', 8080)) shut down
[26/Apr/2011:05:12:20] ENGINE Stopped thread '_TimeoutMonitor'.
[26/Apr/2011:05:12:20] ENGINE Bus STOPPED
[26/Apr/2011:05:12:20] ENGINE Bus EXITING
[26/Apr/2011:05:12:20] ENGINE Bus EXITED
[26/Apr/2011:05:12:20] ENGINE Waiting for child threads to terminate...
[26/Apr/2011:05:15:19] ENGINE Bus STARTING
[26/Apr/2011:05:15:19] ENGINE Started monitor thread '_TimeoutMonitor'.
[26/Apr/2011:05:15:19] ENGINE Serving on localhost:8080
[26/Apr/2011:05:15:19] ENGINE Bus STARTED
[20/Apr/2011:06:03:44] ENGINE Keyboard Interrupt: shutting down bus
[20/Apr/2011:06:03:44] ENGINE Bus STOPPING
[20/Apr/2011:06:03:44] ENGINE HTTP Server cherrypy._cpwsgi_server.CPWSGIServer(('localhost', 8080)) shut down
[20/Apr/2011:06:03:44] ENGINE Stopped thread '_TimeoutMonitor'.
[20/Apr/2011:06:03:44] ENGINE Bus STOPPED
[20/Apr/2011:06:03:44] ENGINE Bus EXITING
[20/Apr/2011:06:03:44] ENGINE Bus EXITED
[20/Apr/2011:06:03:44] ENGINE Waiting for child threads to terminate...
[21/Apr/2011:00:46:18] ENGINE Bus STARTING
[21/Apr/2011:00:46:18] ENGINE Started monitor thread '_TimeoutMonitor'.
[21/Apr/2011:00:46:19] ENGINE Serving on localhost:8080
[21/Apr/2011:00:46:19] ENGINE Bus STARTED
[21/Apr/2011:01:34:55] ENGINE Keyboard Interrupt: shutting down bus
[21/Apr/2011:01:34:55] ENGINE Bus STOPPING
[21/Apr/2011:01:34:55] ENGINE HTTP Server cherrypy._cpwsgi_server.CPWSGIServer(('localhost', 8080)) shut down
[21/Apr/2011:01:34:55] ENGINE Stopped thread '_TimeoutMonitor'.
[21/Apr/2011:01:34:55] ENGINE Bus STOPPED
[21/Apr/2011:01:34:55] ENGINE Bus EXITING
[21/Apr/2011:01:34:55] ENGINE Bus EXITED
[21/Apr/2011:01:34:55] ENGINE Waiting for child threads to terminate...
[29/Jun/2011:00:01:17] ENGINE Bus STARTING
[29/Jun/2011:00:01:17] ENGINE Started monitor thread '_TimeoutMonitor'.
[29/Jun/2011:00:01:17] ENGINE Serving on localhost:8080
[29/Jun/2011:00:01:17] ENGINE Bus STARTED
[29/Jun/2011:00:27:38] ENGINE Keyboard Interrupt: shutting down bus
[29/Jun/2011:00:27:38] ENGINE Bus STOPPING
[29/Jun/2011:00:27:38] ENGINE HTTP Server cherrypy._cpwsgi_server.CPWSGIServer(('localhost', 8080)) shut down
[29/Jun/2011:00:27:38] ENGINE Stopped thread '_TimeoutMonitor'.
[29/Jun/2011:00:27:38] ENGINE Bus STOPPED
[29/Jun/2011:00:27:38] ENGINE Bus EXITING
[29/Jun/2011:00:27:38] ENGINE Bus EXITED
[29/Jun/2011:00:27:38] ENGINE Waiting for child threads to terminate...
[29/Jun/2011:00:35:16] ENGINE Bus STARTING
[29/Jun/2011:00:35:16] ENGINE Started monitor thread '_TimeoutMonitor'.
[29/Jun/2011:00:35:16] ENGINE Serving on localhost:8080
[29/Jun/2011:00:35:16] ENGINE Bus STARTED
[29/Jun/2011:00:38:22] ENGINE Keyboard Interrupt: shutting down bus
[29/Jun/2011:00:38:22] ENGINE Bus STOPPING
[29/Jun/2011:00:38:22] ENGINE HTTP Server cherrypy._cpwsgi_server.CPWSGIServer(('localhost', 8080)) shut down
[29/Jun/2011:00:38:22] ENGINE Stopped thread '_TimeoutMonitor'.
[29/Jun/2011:00:38:22] ENGINE Bus STOPPED
[29/Jun/2011:00:38:22] ENGINE Bus EXITING
[29/Jun/2011:00:38:22] ENGINE Bus EXITED
[29/Jun/2011:00:38:22] ENGINE Waiting for child threads to terminate...
[29/Jun/2011:01:34:31] ENGINE Bus STARTING
[29/Jun/2011:01:34:32] ENGINE Started monitor thread '_TimeoutMonitor'.
[29/Jun/2011:01:34:33] ENGINE Serving on localhost:8080
[29/Jun/2011:01:34:33] ENGINE Bus STARTED
[29/Jun/2011:01:48:04] ENGINE Keyboard Interrupt: shutting down bus
[29/Jun/2011:01:48:04] ENGINE Bus STOPPING
[29/Jun/2011:01:48:04] ENGINE HTTP Server cherrypy._cpwsgi_server.CPWSGIServer(('localhost', 8080)) shut down
[29/Jun/2011:01:48:04] ENGINE Stopped thread '_TimeoutMonitor'.
[29/Jun/2011:01:48:04] ENGINE Bus STOPPED
[29/Jun/2011:01:48:04] ENGINE Bus EXITING
[29/Jun/2011:01:48:04] ENGINE Bus EXITED
[29/Jun/2011:01:48:04] ENGINE Waiting for child threads to terminate...
[29/Jun/2011:01:50:47] ENGINE Bus STARTING
[29/Jun/2011:01:50:47] ENGINE Started monitor thread '_TimeoutMonitor'.
[29/Jun/2011:01:50:47] ENGINE Serving on localhost:8080
[29/Jun/2011:01:50:47] ENGINE Bus STARTED
[29/Jun/2011:01:53:18] ENGINE Keyboard Interrupt: shutting down bus
[29/Jun/2011:01:53:18] ENGINE Bus STOPPING
[29/Jun/2011:01:53:18] ENGINE HTTP Server cherrypy._cpwsgi_server.CPWSGIServer(('localhost', 8080)) shut down
[29/Jun/2011:01:53:18] ENGINE Stopped thread '_TimeoutMonitor'.
[29/Jun/2011:01:53:18] ENGINE Bus STOPPED
[29/Jun/2011:01:53:18] ENGINE Bus EXITING
[29/Jun/2011:01:53:18] ENGINE Bus EXITED
[29/Jun/2011:01:53:18] ENGINE Waiting for child threads to terminate...
[29/Jun/2011:14:52:44] ENGINE Bus STARTING
[29/Jun/2011:14:52:44] ENGINE Started monitor thread '_TimeoutMonitor'.
[29/Jun/2011:14:52:45] ENGINE Serving on localhost:8080
[29/Jun/2011:14:52:45] ENGINE Bus STARTED
[29/Jun/2011:15:10:18] ENGINE Keyboard Interrupt: shutting down bus
[29/Jun/2011:15:10:18] ENGINE Bus STOPPING
[29/Jun/2011:15:10:53] ENGINE Bus STARTING
[29/Jun/2011:15:10:53] ENGINE Started monitor thread '_TimeoutMonitor'.
[29/Jun/2011:15:10:53] ENGINE Serving on localhost:8080
[29/Jun/2011:15:10:53] ENGINE Bus STARTED
[29/Jun/2011:16:57:42] ENGINE Bus STARTING
[29/Jun/2011:16:57:42] ENGINE Started monitor thread '_TimeoutMonitor'.
[29/Jun/2011:16:57:42] ENGINE Serving on localhost:8080
[29/Jun/2011:16:57:42] ENGINE Bus STARTED
[29/Jun/2011:17:21:58] ENGINE Keyboard Interrupt: shutting down bus
[29/Jun/2011:17:21:58] ENGINE Bus STOPPING
[29/Jun/2011:17:21:58] ENGINE HTTP Server cherrypy._cpwsgi_server.CPWSGIServer(('localhost', 8080)) shut down
[29/Jun/2011:17:21:58] ENGINE Stopped thread '_TimeoutMonitor'.
[29/Jun/2011:17:21:58] ENGINE Bus STOPPED
[29/Jun/2011:17:21:58] ENGINE Bus EXITING
[29/Jun/2011:17:21:58] ENGINE Bus EXITED
[29/Jun/2011:17:21:58] ENGINE Waiting for child threads to terminate...
[26/Dec/2011:17:29:26] ENGINE Bus STARTING
[26/Dec/2011:17:29:26] ENGINE Started monitor thread '_TimeoutMonitor'.
[26/Dec/2011:17:29:26] ENGINE Serving on localhost:8080
[26/Dec/2011:17:29:26] ENGINE Bus STARTED
[26/Dec/2011:17:34:40] ENGINE Keyboard Interrupt: shutting down bus
[26/Dec/2011:17:34:40] ENGINE Bus STOPPING
[26/Dec/2011:17:34:40] ENGINE HTTP Server cherrypy._cpwsgi_server.CPWSGIServer(('localhost', 8080)) shut down
[26/Dec/2011:17:34:40] ENGINE Stopped thread '_TimeoutMonitor'.
[26/Dec/2011:17:34:40] ENGINE Bus STOPPED
[26/Dec/2011:17:34:40] ENGINE Bus EXITING
[26/Dec/2011:17:34:40] ENGINE Bus EXITED
[26/Dec/2011:17:34:40] ENGINE Waiting for child threads to terminate...
[26/Dec/2011:17:35:15] ENGINE Bus STARTING
[26/Dec/2011:17:35:15] ENGINE Started monitor thread '_TimeoutMonitor'.
[26/Dec/2011:17:35:15] ENGINE Serving on localhost:8080
[26/Dec/2011:17:35:15] ENGINE Bus STARTED
[26/Dec/2011:17:35:58] ENGINE Keyboard Interrupt: shutting down bus
[26/Dec/2011:17:35:58] ENGINE Bus STOPPING
[26/Dec/2011:17:35:58] ENGINE HTTP Server cherrypy._cpwsgi_server.CPWSGIServer(('localhost', 8080)) shut down
[26/Dec/2011:17:35:59] ENGINE Stopped thread '_TimeoutMonitor'.
[26/Dec/2011:17:35:59] ENGINE Bus STOPPED
[26/Dec/2011:17:35:59] ENGINE Bus EXITING
[26/Dec/2011:17:35:59] ENGINE Bus EXITED
[26/Dec/2011:17:35:59] ENGINE Waiting for child threads to terminate...
[26/Dec/2011:17:47:51] ENGINE Bus STARTING
[26/Dec/2011:17:47:51] ENGINE Started monitor thread '_TimeoutMonitor'.
[26/Dec/2011:17:47:51] ENGINE Serving on localhost:8080
[26/Dec/2011:17:47:51] ENGINE Bus STARTED
[26/Dec/2011:17:48:23] ENGINE Keyboard Interrupt: shutting down bus
[26/Dec/2011:17:48:23] ENGINE Bus STOPPING
[26/Dec/2011:17:48:23] ENGINE HTTP Server cherrypy._cpwsgi_server.CPWSGIServer(('localhost', 8080)) shut down
[26/Dec/2011:17:48:23] ENGINE Stopped thread '_TimeoutMonitor'.
[26/Dec/2011:17:48:23] ENGINE Bus STOPPED
[26/Dec/2011:17:48:23] ENGINE Bus EXITING
[26/Dec/2011:17:48:23] ENGINE Bus EXITED
[26/Dec/2011:17:48:23] ENGINE Waiting for child threads to terminate...
[26/Dec/2011:18:48:05] ENGINE Bus STARTING
[26/Dec/2011:18:48:05] ENGINE Started monitor thread '_TimeoutMonitor'.
[26/Dec/2011:18:48:05] ENGINE Serving on localhost:8080
[26/Dec/2011:18:48:05] ENGINE Bus STARTED
[26/Dec/2011:18:50:43] ENGINE Keyboard Interrupt: shutting down bus
[26/Dec/2011:18:50:43] ENGINE Bus STOPPING
[26/Dec/2011:18:50:43] ENGINE HTTP Server cherrypy._cpwsgi_server.CPWSGIServer(('localhost', 8080)) shut down
[26/Dec/2011:18:50:43] ENGINE Stopped thread '_TimeoutMonitor'.
[26/Dec/2011:18:50:43] ENGINE Bus STOPPED
[26/Dec/2011:18:50:43] ENGINE Bus EXITING
[26/Dec/2011:18:50:43] ENGINE Bus EXITED
[26/Dec/2011:18:50:43] ENGINE Waiting for child threads to terminate...
[26/Dec/2011:18:51:23] ENGINE Bus STARTING
[26/Dec/2011:18:51:23] ENGINE Started monitor thread '_TimeoutMonitor'.
[26/Dec/2011:18:51:23] ENGINE Serving on localhost:8080
[26/Dec/2011:18:51:23] ENGINE Bus STARTED
[26/Dec/2011:18:52:02] ENGINE Keyboard Interrupt: shutting down bus
[26/Dec/2011:18:52:02] ENGINE Bus STOPPING
[26/Dec/2011:18:52:04] ENGINE HTTP Server cherrypy._cpwsgi_server.CPWSGIServer(('localhost', 8080)) shut down
[26/Dec/2011:18:52:04] ENGINE Stopped thread '_TimeoutMonitor'.
[26/Dec/2011:18:52:04] ENGINE Bus STOPPED
[26/Dec/2011:18:52:04] ENGINE Bus EXITING
[26/Dec/2011:18:52:04] ENGINE Bus EXITED
[26/Dec/2011:18:52:04] ENGINE Waiting for child threads to terminate...
[26/Dec/2011:19:01:40] ENGINE Bus STARTING
[26/Dec/2011:19:01:40] ENGINE Started monitor thread '_TimeoutMonitor'.
[26/Dec/2011:19:01:40] ENGINE Serving on localhost:8080
[26/Dec/2011:19:01:40] ENGINE Bus STARTED
[26/Dec/2011:19:03:37] ENGINE Keyboard Interrupt: shutting down bus
[26/Dec/2011:19:03:37] ENGINE Bus STOPPING
[26/Dec/2011:19:03:37] ENGINE HTTP Server cherrypy._cpwsgi_server.CPWSGIServer(('localhost', 8080)) shut down
[26/Dec/2011:19:03:37] ENGINE Stopped thread '_TimeoutMonitor'.
[26/Dec/2011:19:03:37] ENGINE Bus STOPPED
[26/Dec/2011:19:03:37] ENGINE Bus EXITING
[26/Dec/2011:19:03:37] ENGINE Bus EXITED
[26/Dec/2011:19:03:37] ENGINE Waiting for child threads to terminate...
[09/Jan/2012:21:21:29] ENGINE Bus STARTING
[09/Jan/2012:21:21:29] ENGINE Started monitor thread '_TimeoutMonitor'.
[09/Jan/2012:21:21:29] ENGINE Serving on localhost:8080
[09/Jan/2012:21:21:29] ENGINE Bus STARTED
[09/Jan/2012:21:22:14] ENGINE Keyboard Interrupt: shutting down bus
[09/Jan/2012:21:22:14] ENGINE Bus STOPPING
[09/Jan/2012:21:22:14] ENGINE HTTP Server cherrypy._cpwsgi_server.CPWSGIServer(('localhost', 8080)) shut down
[09/Jan/2012:21:22:14] ENGINE Stopped thread '_TimeoutMonitor'.
[09/Jan/2012:21:22:14] ENGINE Bus STOPPED
[09/Jan/2012:21:22:14] ENGINE Bus EXITING
[09/Jan/2012:21:22:14] ENGINE Bus EXITED
[09/Jan/2012:21:22:14] ENGINE Waiting for child threads to terminate...
[09/Jan/2012:21:22:43] ENGINE Bus STARTING
[09/Jan/2012:21:22:43] ENGINE Started monitor thread '_TimeoutMonitor'.
[09/Jan/2012:21:22:43] ENGINE Serving on localhost:8080
[09/Jan/2012:21:22:43] ENGINE Bus STARTED
[09/Jan/2012:21:23:04] ENGINE Keyboard Interrupt: shutting down bus
[09/Jan/2012:21:23:04] ENGINE Bus STOPPING
[09/Jan/2012:21:23:06] ENGINE HTTP Server cherrypy._cpwsgi_server.CPWSGIServer(('localhost', 8080)) shut down
[09/Jan/2012:21:23:06] ENGINE Stopped thread '_TimeoutMonitor'.
[09/Jan/2012:21:23:06] ENGINE Bus STOPPED
[09/Jan/2012:21:23:06] ENGINE Bus EXITING
[09/Jan/2012:21:23:06] ENGINE Bus EXITED
[09/Jan/2012:21:23:06] ENGINE Waiting for child threads to terminate...
[04/Feb/2012:08:15:20] ENGINE Bus STARTING
[04/Feb/2012:08:15:20] ENGINE Started monitor thread '_TimeoutMonitor'.
[04/Feb/2012:08:15:21] ENGINE Serving on localhost:8080
[04/Feb/2012:08:15:21] ENGINE Bus STARTED
[04/Feb/2012:08:19:52] ENGINE Keyboard Interrupt: shutting down bus
[04/Feb/2012:08:19:52] ENGINE Bus STOPPING
[04/Feb/2012:08:19:52] ENGINE HTTP Server cherrypy._cpwsgi_server.CPWSGIServer(('localhost', 8080)) shut down
[04/Feb/2012:08:19:52] ENGINE Stopped thread '_TimeoutMonitor'.
[04/Feb/2012:08:19:52] ENGINE Bus STOPPED
[04/Feb/2012:08:19:52] ENGINE Bus EXITING
[04/Feb/2012:08:19:52] ENGINE Bus EXITED
[04/Feb/2012:08:19:52] ENGINE Waiting for child threads to terminate...
[04/Feb/2012:08:34:19] ENGINE Bus STARTING
[04/Feb/2012:08:34:19] ENGINE Started monitor thread '_TimeoutMonitor'.
[04/Feb/2012:08:34:20] ENGINE Serving on localhost:8080
[04/Feb/2012:08:34:20] ENGINE Bus STARTED
[04/Feb/2012:08:39:58] ENGINE Keyboard Interrupt: shutting down bus
[04/Feb/2012:08:39:58] ENGINE Bus STOPPING
[04/Feb/2012:08:39:58] ENGINE HTTP Server cherrypy._cpwsgi_server.CPWSGIServer(('localhost', 8080)) shut down
[04/Feb/2012:08:39:58] ENGINE Stopped thread '_TimeoutMonitor'.
[04/Feb/2012:08:39:58] ENGINE Bus STOPPED
[04/Feb/2012:08:39:58] ENGINE Bus EXITING
[04/Feb/2012:08:39:58] ENGINE Bus EXITED
[04/Feb/2012:08:39:58] ENGINE Waiting for child threads to terminate...
[04/Feb/2012:08:40:29] ENGINE Bus STARTING
[04/Feb/2012:08:40:29] ENGINE Started monitor thread '_TimeoutMonitor'.
[04/Feb/2012:08:40:30] ENGINE Serving on localhost:8080
[04/Feb/2012:08:40:30] ENGINE Bus STARTED
[04/Feb/2012:08:41:16] ENGINE Keyboard Interrupt: shutting down bus
[04/Feb/2012:08:41:16] ENGINE Bus STOPPING
[04/Feb/2012:08:41:16] ENGINE HTTP Server cherrypy._cpwsgi_server.CPWSGIServer(('localhost', 8080)) shut down
[04/Feb/2012:08:41:16] ENGINE Stopped thread '_TimeoutMonitor'.
[04/Feb/2012:08:41:16] ENGINE Bus STOPPED
[04/Feb/2012:08:41:16] ENGINE Bus EXITING
[04/Feb/2012:08:41:16] ENGINE Bus EXITED
[04/Feb/2012:08:41:16] ENGINE Waiting for child threads to terminate...
[04/Feb/2012:08:41:42] ENGINE Bus STARTING
[04/Feb/2012:08:41:42] ENGINE Started monitor thread '_TimeoutMonitor'.
[04/Feb/2012:08:41:42] ENGINE Serving on localhost:8080
[04/Feb/2012:08:41:42] ENGINE Bus STARTED
[04/Feb/2012:08:42:01] ENGINE Keyboard Interrupt: shutting down bus
[04/Feb/2012:08:42:01] ENGINE Bus STOPPING
[04/Feb/2012:08:42:01] ENGINE HTTP Server cherrypy._cpwsgi_server.CPWSGIServer(('localhost', 8080)) shut down
[04/Feb/2012:08:42:01] ENGINE Stopped thread '_TimeoutMonitor'.
[04/Feb/2012:08:42:01] ENGINE Bus STOPPED
[04/Feb/2012:08:42:01] ENGINE Bus EXITING
[04/Feb/2012:08:42:01] ENGINE Bus EXITED
[04/Feb/2012:08:42:01] ENGINE Waiting for child threads to terminate...
[04/Feb/2012:08:42:29] ENGINE Bus STARTING
[04/Feb/2012:08:42:29] ENGINE Started monitor thread '_TimeoutMonitor'.
[04/Feb/2012:08:42:29] ENGINE Serving on localhost:8080
[04/Feb/2012:08:42:29] ENGINE Bus STARTED
[04/Feb/2012:08:47:09] ENGINE Keyboard Interrupt: shutting down bus
[04/Feb/2012:08:47:09] ENGINE Bus STOPPING
[04/Feb/2012:08:47:09] ENGINE HTTP Server cherrypy._cpwsgi_server.CPWSGIServer(('localhost', 8080)) shut down
[04/Feb/2012:08:47:09] ENGINE Stopped thread '_TimeoutMonitor'.
[04/Feb/2012:08:47:09] ENGINE Bus STOPPED
[04/Feb/2012:08:47:09] ENGINE Bus EXITING
[04/Feb/2012:08:47:09] ENGINE Bus EXITED
[04/Feb/2012:08:47:09] ENGINE Waiting for child threads to terminate...
[17/Mar/2012:15:34:09] ENGINE Bus STARTING
[17/Mar/2012:15:34:09] ENGINE Started monitor thread '_TimeoutMonitor'.
[17/Mar/2012:15:34:09] ENGINE Serving on localhost:8080
[17/Mar/2012:15:34:09] ENGINE Bus STARTED
[17/Mar/2012:15:35:18] ENGINE Keyboard Interrupt: shutting down bus
[17/Mar/2012:15:35:18] ENGINE Bus STOPPING
[17/Mar/2012:15:35:18] ENGINE HTTP Server cherrypy._cpwsgi_server.CPWSGIServer(('localhost', 8080)) shut down
[17/Mar/2012:15:35:18] ENGINE Stopped thread '_TimeoutMonitor'.
[17/Mar/2012:15:35:18] ENGINE Bus STOPPED
[17/Mar/2012:15:35:18] ENGINE Bus EXITING
[17/Mar/2012:15:35:18] ENGINE Bus EXITED
[17/Mar/2012:15:35:18] ENGINE Waiting for child threads to terminate...
[18/Mar/2012:17:47:10] ENGINE Bus STARTING
[18/Mar/2012:17:47:10] ENGINE Started monitor thread '_TimeoutMonitor'.
[18/Mar/2012:17:47:10] ENGINE Serving on localhost:8080
[18/Mar/2012:17:47:10] ENGINE Bus STARTED
[18/Mar/2012:17:48:02] ENGINE Keyboard Interrupt: shutting down bus
[18/Mar/2012:17:48:02] ENGINE Bus STOPPING
[18/Mar/2012:17:48:02] ENGINE HTTP Server cherrypy._cpwsgi_server.CPWSGIServer(('localhost', 8080)) shut down
[18/Mar/2012:17:48:02] ENGINE Stopped thread '_TimeoutMonitor'.
[18/Mar/2012:17:48:02] ENGINE Bus STOPPED
[18/Mar/2012:17:48:02] ENGINE Bus EXITING
[18/Mar/2012:17:48:02] ENGINE Bus EXITED
[18/Mar/2012:17:48:02] ENGINE Waiting for child threads to terminate...
[18/Mar/2012:17:50:25] ENGINE Bus STARTING
[18/Mar/2012:17:50:25] ENGINE Started monitor thread '_TimeoutMonitor'.
[18/Mar/2012:17:50:26] ENGINE Serving on localhost:8080
[18/Mar/2012:17:50:26] ENGINE Bus STARTED
[18/Mar/2012:17:51:02] ENGINE Keyboard Interrupt: shutting down bus
[18/Mar/2012:17:51:02] ENGINE Bus STOPPING
[18/Mar/2012:17:51:02] ENGINE HTTP Server cherrypy._cpwsgi_server.CPWSGIServer(('localhost', 8080)) shut down
[18/Mar/2012:17:51:02] ENGINE Stopped thread '_TimeoutMonitor'.
[18/Mar/2012:17:51:02] ENGINE Bus STOPPED
[18/Mar/2012:17:51:02] ENGINE Bus EXITING
[18/Mar/2012:17:51:02] ENGINE Bus EXITED
[18/Mar/2012:17:51:02] ENGINE Waiting for child threads to terminate...
[21/Mar/2012:06:45:01] ENGINE Bus STARTING
[21/Mar/2012:06:45:01] ENGINE Started monitor thread '_TimeoutMonitor'.
[21/Mar/2012:06:45:01] ENGINE Serving on localhost:8080
[21/Mar/2012:06:45:01] ENGINE Bus STARTED
[21/Mar/2012:06:45:47] ENGINE Keyboard Interrupt: shutting down bus
[21/Mar/2012:06:45:47] ENGINE Bus STOPPING
[21/Mar/2012:06:45:47] ENGINE HTTP Server cherrypy._cpwsgi_server.CPWSGIServer(('localhost', 8080)) shut down
[21/Mar/2012:06:45:47] ENGINE Stopped thread '_TimeoutMonitor'.
[21/Mar/2012:06:45:47] ENGINE Bus STOPPED
[21/Mar/2012:06:45:47] ENGINE Bus EXITING
[21/Mar/2012:06:45:47] ENGINE Bus EXITED
[21/Mar/2012:06:45:47] ENGINE Waiting for child threads to terminate...
[21/Mar/2012:06:47:23] ENGINE Bus STARTING
[21/Mar/2012:06:47:23] ENGINE Started monitor thread '_TimeoutMonitor'.
[21/Mar/2012:06:47:23] ENGINE Serving on localhost:8080
[21/Mar/2012:06:47:23] ENGINE Bus STARTED
[21/Mar/2012:06:48:30] ENGINE Keyboard Interrupt: shutting down bus
[21/Mar/2012:06:48:30] ENGINE Bus STOPPING
[21/Mar/2012:06:48:30] ENGINE HTTP Server cherrypy._cpwsgi_server.CPWSGIServer(('localhost', 8080)) shut down
[21/Mar/2012:06:48:30] ENGINE Stopped thread '_TimeoutMonitor'.
[21/Mar/2012:06:48:30] ENGINE Bus STOPPED
[21/Mar/2012:06:48:30] ENGINE Bus EXITING
[21/Mar/2012:06:48:30] ENGINE Bus EXITED
[21/Mar/2012:06:48:30] ENGINE Waiting for child threads to terminate...
[27/Mar/2012:23:58:14] ENGINE Bus STARTING
[27/Mar/2012:23:58:14] ENGINE Started monitor thread '_TimeoutMonitor'.
[27/Mar/2012:23:58:14] ENGINE Serving on localhost:8080
[27/Mar/2012:23:58:14] ENGINE Bus STARTED
[28/Mar/2012:00:05:13] ENGINE Keyboard Interrupt: shutting down bus
[28/Mar/2012:00:05:13] ENGINE Bus STOPPING
[28/Mar/2012:00:05:13] ENGINE HTTP Server cherrypy._cpwsgi_server.CPWSGIServer(('localhost', 8080)) shut down
[28/Mar/2012:00:05:13] ENGINE Stopped thread '_TimeoutMonitor'.
[28/Mar/2012:00:05:13] ENGINE Bus STOPPED
[28/Mar/2012:00:05:13] ENGINE Bus EXITING
[28/Mar/2012:00:05:13] ENGINE Bus EXITED
[28/Mar/2012:00:05:13] ENGINE Waiting for child threads to terminate...
[28/Mar/2012:00:05:57] ENGINE Bus STARTING
[28/Mar/2012:00:05:57] ENGINE Started monitor thread '_TimeoutMonitor'.
[28/Mar/2012:00:05:57] ENGINE Serving on localhost:8080
[28/Mar/2012:00:05:57] ENGINE Bus STARTED
[28/Mar/2012:00:07:15] ENGINE Keyboard Interrupt: shutting down bus
[28/Mar/2012:00:07:15] ENGINE Bus STOPPING
[28/Mar/2012:00:07:20] ENGINE HTTP Server cherrypy._cpwsgi_server.CPWSGIServer(('localhost', 8080)) shut down
[28/Mar/2012:00:07:20] ENGINE Stopped thread '_TimeoutMonitor'.
[28/Mar/2012:00:07:20] ENGINE Bus STOPPED
[28/Mar/2012:00:07:20] ENGINE Bus EXITING
[28/Mar/2012:00:07:20] ENGINE Bus EXITED
[28/Mar/2012:00:07:20] ENGINE Waiting for child threads to terminate...
[28/Mar/2012:00:07:20] ENGINE Waiting for thread CP Server Thread-14.
[28/Mar/2012:00:07:26] ENGINE Bus STARTING
[28/Mar/2012:00:07:26] ENGINE Started monitor thread '_TimeoutMonitor'.
[28/Mar/2012:00:07:27] ENGINE Serving on localhost:8080
[28/Mar/2012:00:07:27] ENGINE Bus STARTED
[28/Mar/2012:00:07:28] ENGINE Keyboard Interrupt: shutting down bus
[28/Mar/2012:00:07:28] ENGINE Bus STOPPING
[28/Mar/2012:00:07:28] ENGINE HTTP Server cherrypy._cpwsgi_server.CPWSGIServer(('localhost', 8080)) shut down
[28/Mar/2012:00:07:28] ENGINE Stopped thread '_TimeoutMonitor'.
[28/Mar/2012:00:07:28] ENGINE Bus STOPPED
[28/Mar/2012:00:07:28] ENGINE Bus EXITING
[28/Mar/2012:00:07:28] ENGINE Bus EXITED
[28/Mar/2012:00:07:28] ENGINE Waiting for child threads to terminate...
[28/Mar/2012:00:09:27] ENGINE Bus STARTING
[28/Mar/2012:00:09:27] ENGINE Started monitor thread '_TimeoutMonitor'.
[28/Mar/2012:00:09:27] ENGINE Serving on localhost:8080
[28/Mar/2012:00:09:27] ENGINE Bus STARTED
[28/Mar/2012:00:10:42] ENGINE Keyboard Interrupt: shutting down bus
[28/Mar/2012:00:10:42] ENGINE Bus STOPPING
[28/Mar/2012:00:10:47] ENGINE HTTP Server cherrypy._cpwsgi_server.CPWSGIServer(('localhost', 8080)) shut down
[28/Mar/2012:00:10:47] ENGINE Stopped thread '_TimeoutMonitor'.
[28/Mar/2012:00:10:47] ENGINE Bus STOPPED
[28/Mar/2012:00:10:47] ENGINE Bus EXITING
[28/Mar/2012:00:10:47] ENGINE Bus EXITED
[28/Mar/2012:00:10:47] ENGINE Waiting for child threads to terminate...
[28/Mar/2012:00:11:45] ENGINE Bus STARTING
[28/Mar/2012:00:11:45] ENGINE Started monitor thread '_TimeoutMonitor'.
[28/Mar/2012:00:11:45] ENGINE Serving on localhost:8080
[28/Mar/2012:00:11:45] ENGINE Bus STARTED
[28/Mar/2012:00:24:29] ENGINE Keyboard Interrupt: shutting down bus
[28/Mar/2012:00:24:29] ENGINE Bus STOPPING
[28/Mar/2012:00:24:29] ENGINE HTTP Server cherrypy._cpwsgi_server.CPWSGIServer(('localhost', 8080)) shut down
[28/Mar/2012:00:24:29] ENGINE Stopped thread '_TimeoutMonitor'.
[28/Mar/2012:00:24:29] ENGINE Bus STOPPED
[28/Mar/2012:00:24:29] ENGINE Bus EXITING
[28/Mar/2012:00:24:29] ENGINE Bus EXITED
[28/Mar/2012:00:24:29] ENGINE Waiting for child threads to terminate...
[28/Mar/2012:00:25:13] ENGINE Bus STARTING
[28/Mar/2012:00:25:13] ENGINE Started monitor thread '_TimeoutMonitor'.
[28/Mar/2012:00:25:13] ENGINE Serving on localhost:8080
[28/Mar/2012:00:25:13] ENGINE Bus STARTED
[28/Mar/2012:00:26:13] ENGINE Keyboard Interrupt: shutting down bus
[28/Mar/2012:00:26:13] ENGINE Bus STOPPING
[28/Mar/2012:00:26:13] ENGINE HTTP Server cherrypy._cpwsgi_server.CPWSGIServer(('localhost', 8080)) shut down
[28/Mar/2012:00:26:13] ENGINE Stopped thread '_TimeoutMonitor'.
[28/Mar/2012:00:26:13] ENGINE Bus STOPPED
[28/Mar/2012:00:26:13] ENGINE Bus EXITING
[28/Mar/2012:00:26:13] ENGINE Bus EXITED
[28/Mar/2012:00:26:13] ENGINE Waiting for child threads to terminate...
[28/Mar/2012:00:27:47] ENGINE Bus STARTING
[28/Mar/2012:00:27:47] ENGINE Started monitor thread '_TimeoutMonitor'.
[28/Mar/2012:00:27:47] ENGINE Serving on localhost:8080
[28/Mar/2012:00:27:47] ENGINE Bus STARTED
[28/Mar/2012:00:44:24] ENGINE Keyboard Interrupt: shutting down bus
[28/Mar/2012:00:44:24] ENGINE Bus STOPPING
[28/Mar/2012:00:44:24] ENGINE HTTP Server cherrypy._cpwsgi_server.CPWSGIServer(('localhost', 8080)) shut down
[28/Mar/2012:00:44:24] ENGINE Stopped thread '_TimeoutMonitor'.
[28/Mar/2012:00:44:24] ENGINE Bus STOPPED
[28/Mar/2012:00:44:24] ENGINE Bus EXITING
[28/Mar/2012:00:44:24] ENGINE Bus EXITED
[28/Mar/2012:00:44:24] ENGINE Waiting for child threads to terminate...
[28/Mar/2012:00:45:13] ENGINE Bus STARTING
[28/Mar/2012:00:45:13] ENGINE Started monitor thread '_TimeoutMonitor'.
[28/Mar/2012:00:45:13] ENGINE Serving on localhost:8080
[28/Mar/2012:00:45:13] ENGINE Bus STARTED
[28/Mar/2012:00:49:34] ENGINE Keyboard Interrupt: shutting down bus
[28/Mar/2012:00:49:34] ENGINE Bus STOPPING
[28/Mar/2012:00:49:34] ENGINE HTTP Server cherrypy._cpwsgi_server.CPWSGIServer(('localhost', 8080)) shut down
[28/Mar/2012:00:49:34] ENGINE Stopped thread '_TimeoutMonitor'.
[28/Mar/2012:00:49:34] ENGINE Bus STOPPED
[28/Mar/2012:00:49:34] ENGINE Bus EXITING
[28/Mar/2012:00:49:34] ENGINE Bus EXITED
[28/Mar/2012:00:49:34] ENGINE Waiting for child threads to terminate...
[28/Mar/2012:00:58:11] ENGINE Bus STARTING
[28/Mar/2012:00:58:11] ENGINE Started monitor thread '_TimeoutMonitor'.
[28/Mar/2012:00:58:11] ENGINE Serving on localhost:8080
[28/Mar/2012:00:58:11] ENGINE Bus STARTED
[28/Mar/2012:00:59:29] ENGINE Keyboard Interrupt: shutting down bus
[28/Mar/2012:00:59:29] ENGINE Bus STOPPING
[28/Mar/2012:00:59:29] ENGINE HTTP Server cherrypy._cpwsgi_server.CPWSGIServer(('localhost', 8080)) shut down
[28/Mar/2012:00:59:29] ENGINE Stopped thread '_TimeoutMonitor'.
[28/Mar/2012:00:59:29] ENGINE Bus STOPPED
[28/Mar/2012:00:59:29] ENGINE Bus EXITING
[28/Mar/2012:00:59:29] ENGINE Bus EXITED
[28/Mar/2012:00:59:29] ENGINE Waiting for child threads to terminate...
[28/Mar/2012:01:00:17] ENGINE Bus STARTING
[28/Mar/2012:01:00:17] ENGINE Started monitor thread '_TimeoutMonitor'.
[28/Mar/2012:01:00:18] ENGINE Serving on localhost:8080
[28/Mar/2012:01:00:18] ENGINE Bus STARTED
[28/Mar/2012:01:00:48] ENGINE Keyboard Interrupt: shutting down bus
[28/Mar/2012:01:00:48] ENGINE Bus STOPPING
[28/Mar/2012:01:00:48] ENGINE HTTP Server cherrypy._cpwsgi_server.CPWSGIServer(('localhost', 8080)) shut down
[28/Mar/2012:01:00:48] ENGINE Stopped thread '_TimeoutMonitor'.
[28/Mar/2012:01:00:48] ENGINE Bus STOPPED
[28/Mar/2012:01:00:48] ENGINE Bus EXITING
[28/Mar/2012:01:00:48] ENGINE Bus EXITED
[28/Mar/2012:01:00:48] ENGINE Waiting for child threads to terminate...
[01/Apr/2012:18:04:41] ENGINE Bus STARTING
[01/Apr/2012:18:04:41] ENGINE Started monitor thread '_TimeoutMonitor'.
[01/Apr/2012:18:04:42] ENGINE Serving on localhost:8080
[01/Apr/2012:18:04:42] ENGINE Bus STARTED
[01/Apr/2012:18:05:04] ENGINE Keyboard Interrupt: shutting down bus
[01/Apr/2012:18:05:04] ENGINE Bus STOPPING
[01/Apr/2012:18:05:04] ENGINE HTTP Server cherrypy._cpwsgi_server.CPWSGIServer(('localhost', 8080)) shut down
[01/Apr/2012:18:05:04] ENGINE Stopped thread '_TimeoutMonitor'.
[01/Apr/2012:18:05:04] ENGINE Bus STOPPED
[01/Apr/2012:18:05:04] ENGINE Bus EXITING
[01/Apr/2012:18:05:04] ENGINE Bus EXITED
[01/Apr/2012:18:05:04] ENGINE Waiting for child threads to terminate...
[02/Apr/2012:19:11:58] ENGINE Bus STARTING
[02/Apr/2012:19:11:58] ENGINE Started monitor thread '_TimeoutMonitor'.
[02/Apr/2012:19:11:58] ENGINE Serving on localhost:8080
[02/Apr/2012:19:11:58] ENGINE Bus STARTED
[02/Apr/2012:19:15:58] ENGINE Keyboard Interrupt: shutting down bus
[02/Apr/2012:19:15:58] ENGINE Bus STOPPING
[02/Apr/2012:19:15:58] ENGINE HTTP Server cherrypy._cpwsgi_server.CPWSGIServer(('localhost', 8080)) shut down
[02/Apr/2012:19:15:58] ENGINE Stopped thread '_TimeoutMonitor'.
[02/Apr/2012:19:15:58] ENGINE Bus STOPPED
[02/Apr/2012:19:15:58] ENGINE Bus EXITING
[02/Apr/2012:19:15:58] ENGINE Bus EXITED
[02/Apr/2012:19:15:58] ENGINE Waiting for child threads to terminate...
[02/Apr/2012:19:29:22] ENGINE Bus STARTING
[02/Apr/2012:19:29:22] ENGINE Started monitor thread '_TimeoutMonitor'.
[02/Apr/2012:19:29:22] ENGINE Serving on localhost:8080
[02/Apr/2012:19:29:22] ENGINE Bus STARTED
[02/Apr/2012:19:29:57] ENGINE Keyboard Interrupt: shutting down bus
[02/Apr/2012:19:29:57] ENGINE Bus STOPPING
[02/Apr/2012:19:29:57] ENGINE HTTP Server cherrypy._cpwsgi_server.CPWSGIServer(('localhost', 8080)) shut down
[02/Apr/2012:19:29:57] ENGINE Stopped thread '_TimeoutMonitor'.
[02/Apr/2012:19:29:57] ENGINE Bus STOPPED
[02/Apr/2012:19:29:57] ENGINE Bus EXITING
[02/Apr/2012:19:29:57] ENGINE Bus EXITED
[02/Apr/2012:19:29:57] ENGINE Waiting for child threads to terminate...
[02/Apr/2012:19:31:30] ENGINE Bus STARTING
[02/Apr/2012:19:31:30] ENGINE Started monitor thread '_TimeoutMonitor'.
[02/Apr/2012:19:31:31] ENGINE Serving on localhost:8080
[02/Apr/2012:19:31:31] ENGINE Bus STARTED
[02/Apr/2012:19:34:54] ENGINE Keyboard Interrupt: shutting down bus
[02/Apr/2012:19:34:54] ENGINE Bus STOPPING
[02/Apr/2012:19:34:54] ENGINE HTTP Server cherrypy._cpwsgi_server.CPWSGIServer(('localhost', 8080)) shut down
[02/Apr/2012:19:34:54] ENGINE Stopped thread '_TimeoutMonitor'.
[02/Apr/2012:19:34:54] ENGINE Bus STOPPED
[02/Apr/2012:19:34:54] ENGINE Bus EXITING
[02/Apr/2012:19:34:54] ENGINE Bus EXITED
[02/Apr/2012:19:34:54] ENGINE Waiting for child threads to terminate...
[02/Apr/2012:19:38:27] ENGINE Bus STARTING
[02/Apr/2012:19:38:27] ENGINE Started monitor thread '_TimeoutMonitor'.
[02/Apr/2012:19:38:27] ENGINE Serving on localhost:8080
[02/Apr/2012:19:38:27] ENGINE Bus STARTED
[02/Apr/2012:19:38:44] ENGINE Keyboard Interrupt: shutting down bus
[02/Apr/2012:19:38:44] ENGINE Bus STOPPING
[02/Apr/2012:19:38:44] ENGINE HTTP Server cherrypy._cpwsgi_server.CPWSGIServer(('localhost', 8080)) shut down
[02/Apr/2012:19:38:44] ENGINE Stopped thread '_TimeoutMonitor'.
[02/Apr/2012:19:38:44] ENGINE Bus STOPPED
[02/Apr/2012:19:38:44] ENGINE Bus EXITING
[02/Apr/2012:19:38:44] ENGINE Bus EXITED
[02/Apr/2012:19:38:44] ENGINE Waiting for child threads to terminate...
[02/Apr/2012:19:39:47] ENGINE Bus STARTING
[02/Apr/2012:19:39:47] ENGINE Started monitor thread '_TimeoutMonitor'.
[02/Apr/2012:19:39:47] ENGINE Serving on localhost:8080
[02/Apr/2012:19:39:47] ENGINE Bus STARTED
[02/Apr/2012:19:40:04] ENGINE Keyboard Interrupt: shutting down bus
[02/Apr/2012:19:40:04] ENGINE Bus STOPPING
[02/Apr/2012:19:40:04] ENGINE HTTP Server cherrypy._cpwsgi_server.CPWSGIServer(('localhost', 8080)) shut down
[02/Apr/2012:19:40:04] ENGINE Stopped thread '_TimeoutMonitor'.
[02/Apr/2012:19:40:04] ENGINE Bus STOPPED
[02/Apr/2012:19:40:04] ENGINE Bus EXITING
[02/Apr/2012:19:40:04] ENGINE Bus EXITED
[02/Apr/2012:19:40:04] ENGINE Waiting for child threads to terminate...
[02/Apr/2012:19:42:49] ENGINE Bus STARTING
[02/Apr/2012:19:42:49] ENGINE Started monitor thread '_TimeoutMonitor'.
[02/Apr/2012:19:42:49] ENGINE Serving on localhost:8080
[02/Apr/2012:19:42:49] ENGINE Bus STARTED
[02/Apr/2012:19:43:58] ENGINE Keyboard Interrupt: shutting down bus
[02/Apr/2012:19:43:58] ENGINE Bus STOPPING
[02/Apr/2012:19:43:58] ENGINE HTTP Server cherrypy._cpwsgi_server.CPWSGIServer(('localhost', 8080)) shut down
[02/Apr/2012:19:43:58] ENGINE Stopped thread '_TimeoutMonitor'.
[02/Apr/2012:19:43:58] ENGINE Bus STOPPED
[02/Apr/2012:19:43:58] ENGINE Bus EXITING
[02/Apr/2012:19:43:58] ENGINE Bus EXITED
[02/Apr/2012:19:43:58] ENGINE Waiting for child threads to terminate...
[02/Apr/2012:19:45:10] ENGINE Bus STARTING
[02/Apr/2012:19:45:10] ENGINE Started monitor thread '_TimeoutMonitor'.
[02/Apr/2012:19:45:10] ENGINE Serving on localhost:8080
[02/Apr/2012:19:45:10] ENGINE Bus STARTED
[02/Apr/2012:19:46:59] ENGINE Keyboard Interrupt: shutting down bus
[02/Apr/2012:19:46:59] ENGINE Bus STOPPING
[02/Apr/2012:19:46:59] ENGINE HTTP Server cherrypy._cpwsgi_server.CPWSGIServer(('localhost', 8080)) shut down
[02/Apr/2012:19:46:59] ENGINE Stopped thread '_TimeoutMonitor'.
[02/Apr/2012:19:46:59] ENGINE Bus STOPPED
[02/Apr/2012:19:46:59] ENGINE Bus EXITING
[02/Apr/2012:19:46:59] ENGINE Bus EXITED
[02/Apr/2012:19:46:59] ENGINE Waiting for child threads to terminate...
[02/Apr/2012:19:48:39] ENGINE Bus STARTING
[02/Apr/2012:19:48:39] ENGINE Started monitor thread '_TimeoutMonitor'.
[02/Apr/2012:19:48:39] ENGINE Serving on localhost:8080
[02/Apr/2012:19:48:39] ENGINE Bus STARTED
[02/Apr/2012:19:49:24] ENGINE Keyboard Interrupt: shutting down bus
[02/Apr/2012:19:49:24] ENGINE Bus STOPPING
[02/Apr/2012:19:49:24] ENGINE HTTP Server cherrypy._cpwsgi_server.CPWSGIServer(('localhost', 8080)) shut down
[02/Apr/2012:19:49:24] ENGINE Stopped thread '_TimeoutMonitor'.
[02/Apr/2012:19:49:24] ENGINE Bus STOPPED
[02/Apr/2012:19:49:24] ENGINE Bus EXITING
[02/Apr/2012:19:49:24] ENGINE Bus EXITED
[02/Apr/2012:19:49:24] ENGINE Waiting for child threads to terminate...
[02/Apr/2012:19:50:30] ENGINE Bus STARTING
[02/Apr/2012:19:50:30] ENGINE Started monitor thread '_TimeoutMonitor'.
[02/Apr/2012:19:50:30] ENGINE Serving on localhost:8080
[02/Apr/2012:19:50:30] ENGINE Bus STARTED
[02/Apr/2012:19:51:40] ENGINE Keyboard Interrupt: shutting down bus
[02/Apr/2012:19:51:40] ENGINE Bus STOPPING
[02/Apr/2012:19:51:40] ENGINE HTTP Server cherrypy._cpwsgi_server.CPWSGIServer(('localhost', 8080)) shut down
[02/Apr/2012:19:51:40] ENGINE Stopped thread '_TimeoutMonitor'.
[02/Apr/2012:19:51:40] ENGINE Bus STOPPED
[02/Apr/2012:19:51:40] ENGINE Bus EXITING
[02/Apr/2012:19:51:40] ENGINE Bus EXITED
[02/Apr/2012:19:51:40] ENGINE Waiting for child threads to terminate...
[02/Apr/2012:20:00:34] ENGINE Bus STARTING
[02/Apr/2012:20:00:34] ENGINE Started monitor thread '_TimeoutMonitor'.
[02/Apr/2012:20:00:34] ENGINE Serving on localhost:8080
[02/Apr/2012:20:00:34] ENGINE Bus STARTED
[02/Apr/2012:20:00:55] ENGINE Keyboard Interrupt: shutting down bus
[02/Apr/2012:20:00:55] ENGINE Bus STOPPING
[02/Apr/2012:20:00:55] ENGINE HTTP Server cherrypy._cpwsgi_server.CPWSGIServer(('localhost', 8080)) shut down
[02/Apr/2012:20:00:55] ENGINE Stopped thread '_TimeoutMonitor'.
[02/Apr/2012:20:00:55] ENGINE Bus STOPPED
[02/Apr/2012:20:00:55] ENGINE Bus EXITING
[02/Apr/2012:20:00:55] ENGINE Bus EXITED
[02/Apr/2012:20:00:55] ENGINE Waiting for child threads to terminate...
[10/Apr/2012:12:08:32] ENGINE Bus STARTING
[10/Apr/2012:12:08:32] ENGINE Started monitor thread '_TimeoutMonitor'.
[10/Apr/2012:12:08:33] ENGINE Serving on localhost:8080
[10/Apr/2012:12:08:33] ENGINE Bus STARTED
[10/Apr/2012:12:09:29] ENGINE Keyboard Interrupt: shutting down bus
[10/Apr/2012:12:09:29] ENGINE Bus STOPPING
[10/Apr/2012:12:09:29] ENGINE HTTP Server cherrypy._cpwsgi_server.CPWSGIServer(('localhost', 8080)) shut down
[10/Apr/2012:12:09:29] ENGINE Stopped thread '_TimeoutMonitor'.
[10/Apr/2012:12:09:29] ENGINE Bus STOPPED
[10/Apr/2012:12:09:29] ENGINE Bus EXITING
[10/Apr/2012:12:09:29] ENGINE Bus EXITED
[10/Apr/2012:12:09:29] ENGINE Waiting for child threads to terminate...
[10/Apr/2012:12:11:32] ENGINE Bus STARTING
[10/Apr/2012:12:11:32] ENGINE Started monitor thread '_TimeoutMonitor'.
[10/Apr/2012:12:11:32] ENGINE Serving on localhost:8080
[10/Apr/2012:12:11:32] ENGINE Bus STARTED
[10/Apr/2012:12:17:08] ENGINE Keyboard Interrupt: shutting down bus
[10/Apr/2012:12:17:08] ENGINE Bus STOPPING
[10/Apr/2012:12:17:08] ENGINE HTTP Server cherrypy._cpwsgi_server.CPWSGIServer(('localhost', 8080)) shut down
[10/Apr/2012:12:17:08] ENGINE Stopped thread '_TimeoutMonitor'.
[10/Apr/2012:12:17:08] ENGINE Bus STOPPED
[10/Apr/2012:12:17:08] ENGINE Bus EXITING
[10/Apr/2012:12:17:08] ENGINE Bus EXITED
[10/Apr/2012:12:17:08] ENGINE Waiting for child threads to terminate...
[10/Apr/2012:12:17:53] ENGINE Bus STARTING
[10/Apr/2012:12:17:53] ENGINE Started monitor thread '_TimeoutMonitor'.
[10/Apr/2012:12:17:53] ENGINE Serving on localhost:8080
[10/Apr/2012:12:17:53] ENGINE Bus STARTED
[10/Apr/2012:12:18:55] ENGINE Keyboard Interrupt: shutting down bus
[10/Apr/2012:12:18:55] ENGINE Bus STOPPING
[10/Apr/2012:12:18:55] ENGINE HTTP Server cherrypy._cpwsgi_server.CPWSGIServer(('localhost', 8080)) shut down
[10/Apr/2012:12:18:55] ENGINE Stopped thread '_TimeoutMonitor'.
[10/Apr/2012:12:18:55] ENGINE Bus STOPPED
[10/Apr/2012:12:18:55] ENGINE Bus EXITING
[10/Apr/2012:12:18:55] ENGINE Bus EXITED
[10/Apr/2012:12:18:55] ENGINE Waiting for child threads to terminate...
[10/Apr/2012:12:19:51] ENGINE Bus STARTING
[10/Apr/2012:12:19:51] ENGINE Started monitor thread '_TimeoutMonitor'.
[10/Apr/2012:12:19:51] ENGINE Serving on localhost:8080
[10/Apr/2012:12:19:51] ENGINE Bus STARTED
[10/Apr/2012:12:21:05] ENGINE Keyboard Interrupt: shutting down bus
[10/Apr/2012:12:21:05] ENGINE Bus STOPPING
[10/Apr/2012:12:21:05] ENGINE HTTP Server cherrypy._cpwsgi_server.CPWSGIServer(('localhost', 8080)) shut down
[10/Apr/2012:12:21:05] ENGINE Stopped thread '_TimeoutMonitor'.
[10/Apr/2012:12:21:05] ENGINE Bus STOPPED
[10/Apr/2012:12:21:05] ENGINE Bus EXITING
[10/Apr/2012:12:21:05] ENGINE Bus EXITED
[10/Apr/2012:12:21:05] ENGINE Waiting for child threads to terminate...
[10/Apr/2012:12:21:49] ENGINE Bus STARTING
[10/Apr/2012:12:21:49] ENGINE Started monitor thread '_TimeoutMonitor'.
[10/Apr/2012:12:21:49] ENGINE Serving on localhost:8080
[10/Apr/2012:12:21:49] ENGINE Bus STARTED
[10/Apr/2012:12:22:08] ENGINE Keyboard Interrupt: shutting down bus
[10/Apr/2012:12:22:08] ENGINE Bus STOPPING
[10/Apr/2012:12:22:08] ENGINE HTTP Server cherrypy._cpwsgi_server.CPWSGIServer(('localhost', 8080)) shut down
[10/Apr/2012:12:22:08] ENGINE Stopped thread '_TimeoutMonitor'.
[10/Apr/2012:12:22:08] ENGINE Bus STOPPED
[10/Apr/2012:12:22:08] ENGINE Bus EXITING
[10/Apr/2012:12:22:08] ENGINE Bus EXITED
[10/Apr/2012:12:22:08] ENGINE Waiting for child threads to terminate...
[10/Apr/2012:12:22:55] ENGINE Bus STARTING
[10/Apr/2012:12:22:55] ENGINE Started monitor thread '_TimeoutMonitor'.
[10/Apr/2012:12:22:55] ENGINE Serving on localhost:8080
[10/Apr/2012:12:22:55] ENGINE Bus STARTED
[10/Apr/2012:12:27:19] ENGINE Keyboard Interrupt: shutting down bus
[10/Apr/2012:12:27:19] ENGINE Bus STOPPING
[10/Apr/2012:12:27:19] ENGINE HTTP Server cherrypy._cpwsgi_server.CPWSGIServer(('localhost', 8080)) shut down
[10/Apr/2012:12:27:19] ENGINE Stopped thread '_TimeoutMonitor'.
[10/Apr/2012:12:27:19] ENGINE Bus STOPPED
[10/Apr/2012:12:27:19] ENGINE Bus EXITING
[10/Apr/2012:12:27:19] ENGINE Bus EXITED
[10/Apr/2012:12:27:19] ENGINE Waiting for child threads to terminate...
[10/Apr/2012:12:28:20] ENGINE Bus STARTING
[10/Apr/2012:12:28:20] ENGINE Started monitor thread '_TimeoutMonitor'.
[10/Apr/2012:12:28:21] ENGINE Serving on localhost:8080
[10/Apr/2012:12:28:21] ENGINE Bus STARTED
[10/Apr/2012:12:30:17] ENGINE Keyboard Interrupt: shutting down bus
[10/Apr/2012:12:30:17] ENGINE Bus STOPPING
[10/Apr/2012:12:30:17] ENGINE HTTP Server cherrypy._cpwsgi_server.CPWSGIServer(('localhost', 8080)) shut down
[10/Apr/2012:12:30:17] ENGINE Stopped thread '_TimeoutMonitor'.
[10/Apr/2012:12:30:17] ENGINE Bus STOPPED
[10/Apr/2012:12:30:17] ENGINE Bus EXITING
[10/Apr/2012:12:30:17] ENGINE Bus EXITED
[10/Apr/2012:12:30:17] ENGINE Waiting for child threads to terminate...
[10/Apr/2012:12:31:00] ENGINE Bus STARTING
[10/Apr/2012:12:31:00] ENGINE Started monitor thread '_TimeoutMonitor'.
[10/Apr/2012:12:31:00] ENGINE Serving on localhost:8080
[10/Apr/2012:12:31:00] ENGINE Bus STARTED
[10/Apr/2012:12:31:21] ENGINE Keyboard Interrupt: shutting down bus
[10/Apr/2012:12:31:21] ENGINE Bus STOPPING
[10/Apr/2012:12:31:21] ENGINE HTTP Server cherrypy._cpwsgi_server.CPWSGIServer(('localhost', 8080)) shut down
[10/Apr/2012:12:31:21] ENGINE Stopped thread '_TimeoutMonitor'.
[10/Apr/2012:12:31:21] ENGINE Bus STOPPED
[10/Apr/2012:12:31:21] ENGINE Bus EXITING
[10/Apr/2012:12:31:21] ENGINE Bus EXITED
[10/Apr/2012:12:31:21] ENGINE Waiting for child threads to terminate...
[10/Apr/2012:12:32:11] ENGINE Bus STARTING
[10/Apr/2012:12:32:11] ENGINE Started monitor thread '_TimeoutMonitor'.
[10/Apr/2012:12:32:11] ENGINE Serving on localhost:8080
[10/Apr/2012:12:32:11] ENGINE Bus STARTED
[10/Apr/2012:12:32:59] ENGINE Keyboard Interrupt: shutting down bus
[10/Apr/2012:12:32:59] ENGINE Bus STOPPING
[10/Apr/2012:12:32:59] ENGINE HTTP Server cherrypy._cpwsgi_server.CPWSGIServer(('localhost', 8080)) shut down
[10/Apr/2012:12:32:59] ENGINE Stopped thread '_TimeoutMonitor'.
[10/Apr/2012:12:32:59] ENGINE Bus STOPPED
[10/Apr/2012:12:32:59] ENGINE Bus EXITING
[10/Apr/2012:12:32:59] ENGINE Bus EXITED
[10/Apr/2012:12:32:59] ENGINE Waiting for child threads to terminate...
[10/Apr/2012:12:33:57] ENGINE Bus STARTING
[10/Apr/2012:12:33:57] ENGINE Started monitor thread '_TimeoutMonitor'.
[10/Apr/2012:12:33:57] ENGINE Serving on localhost:8080
[10/Apr/2012:12:33:57] ENGINE Bus STARTED
[10/Apr/2012:12:35:58] ENGINE Keyboard Interrupt: shutting down bus
[10/Apr/2012:12:35:58] ENGINE Bus STOPPING
[10/Apr/2012:12:35:58] ENGINE HTTP Server cherrypy._cpwsgi_server.CPWSGIServer(('localhost', 8080)) shut down
[10/Apr/2012:12:35:58] ENGINE Stopped thread '_TimeoutMonitor'.
[10/Apr/2012:12:35:58] ENGINE Bus STOPPED
[10/Apr/2012:12:35:58] ENGINE Bus EXITING
[10/Apr/2012:12:35:58] ENGINE Bus EXITED
[10/Apr/2012:12:35:58] ENGINE Waiting for child threads to terminate...
[10/Apr/2012:12:56:04] ENGINE Bus STARTING
[10/Apr/2012:12:56:04] ENGINE Started monitor thread '_TimeoutMonitor'.
[10/Apr/2012:12:56:04] ENGINE Serving on localhost:8080
[10/Apr/2012:12:56:04] ENGINE Bus STARTED
[10/Apr/2012:12:56:51] ENGINE Keyboard Interrupt: shutting down bus
[10/Apr/2012:12:56:51] ENGINE Bus STOPPING
[10/Apr/2012:12:56:51] ENGINE HTTP Server cherrypy._cpwsgi_server.CPWSGIServer(('localhost', 8080)) shut down
[10/Apr/2012:12:56:51] ENGINE Stopped thread '_TimeoutMonitor'.
[10/Apr/2012:12:56:51] ENGINE Bus STOPPED
[10/Apr/2012:12:56:51] ENGINE Bus EXITING
[10/Apr/2012:12:56:51] ENGINE Bus EXITED
[10/Apr/2012:12:56:51] ENGINE Waiting for child threads to terminate...
[10/Apr/2012:12:57:37] ENGINE Bus STARTING
[10/Apr/2012:12:57:37] ENGINE Started monitor thread '_TimeoutMonitor'.
[10/Apr/2012:12:57:37] ENGINE Serving on localhost:8080
[10/Apr/2012:12:57:37] ENGINE Bus STARTED
[10/Apr/2012:12:58:02] ENGINE Keyboard Interrupt: shutting down bus
[10/Apr/2012:12:58:02] ENGINE Bus STOPPING
[10/Apr/2012:12:58:02] ENGINE HTTP Server cherrypy._cpwsgi_server.CPWSGIServer(('localhost', 8080)) shut down
[10/Apr/2012:12:58:02] ENGINE Stopped thread '_TimeoutMonitor'.
[10/Apr/2012:12:58:02] ENGINE Bus STOPPED
[10/Apr/2012:12:58:02] ENGINE Bus EXITING
[10/Apr/2012:12:58:02] ENGINE Bus EXITED
[10/Apr/2012:12:58:02] ENGINE Waiting for child threads to terminate...
[10/Apr/2012:12:58:49] ENGINE Bus STARTING
[10/Apr/2012:12:58:49] ENGINE Started monitor thread '_TimeoutMonitor'.
[10/Apr/2012:12:58:49] ENGINE Serving on localhost:8080
[10/Apr/2012:12:58:49] ENGINE Bus STARTED
[10/Apr/2012:12:59:40] ENGINE Keyboard Interrupt: shutting down bus
[10/Apr/2012:12:59:40] ENGINE Bus STOPPING
[10/Apr/2012:12:59:40] ENGINE HTTP Server cherrypy._cpwsgi_server.CPWSGIServer(('localhost', 8080)) shut down
[10/Apr/2012:12:59:40] ENGINE Stopped thread '_TimeoutMonitor'.
[10/Apr/2012:12:59:40] ENGINE Bus STOPPED
[10/Apr/2012:12:59:40] ENGINE Bus EXITING
[10/Apr/2012:12:59:40] ENGINE Bus EXITED
[10/Apr/2012:12:59:40] ENGINE Waiting for child threads to terminate...
[10/Apr/2012:13:00:27] ENGINE Bus STARTING
[10/Apr/2012:13:00:27] ENGINE Started monitor thread '_TimeoutMonitor'.
[10/Apr/2012:13:00:27] ENGINE Serving on localhost:8080
[10/Apr/2012:13:00:27] ENGINE Bus STARTED
[10/Apr/2012:13:01:49] ENGINE Keyboard Interrupt: shutting down bus
[10/Apr/2012:13:01:49] ENGINE Bus STOPPING
[10/Apr/2012:13:01:49] ENGINE HTTP Server cherrypy._cpwsgi_server.CPWSGIServer(('localhost', 8080)) shut down
[10/Apr/2012:13:01:49] ENGINE Stopped thread '_TimeoutMonitor'.
[10/Apr/2012:13:01:49] ENGINE Bus STOPPED
[10/Apr/2012:13:01:49] ENGINE Bus EXITING
[10/Apr/2012:13:01:49] ENGINE Bus EXITED
[10/Apr/2012:13:01:49] ENGINE Waiting for child threads to terminate...
[10/Apr/2012:13:02:35] ENGINE Bus STARTING
[10/Apr/2012:13:02:35] ENGINE Started monitor thread '_TimeoutMonitor'.
[10/Apr/2012:13:02:35] ENGINE Serving on localhost:8080
[10/Apr/2012:13:02:35] ENGINE Bus STARTED
[10/Apr/2012:13:03:07] ENGINE Keyboard Interrupt: shutting down bus
[10/Apr/2012:13:03:07] ENGINE Bus STOPPING
[10/Apr/2012:13:03:11] ENGINE HTTP Server cherrypy._cpwsgi_server.CPWSGIServer(('localhost', 8080)) shut down
[10/Apr/2012:13:03:11] ENGINE Stopped thread '_TimeoutMonitor'.
[10/Apr/2012:13:03:11] ENGINE Bus STOPPED
[10/Apr/2012:13:03:11] ENGINE Bus EXITING
[10/Apr/2012:13:03:11] ENGINE Bus EXITED
[10/Apr/2012:13:03:11] ENGINE Waiting for child threads to terminate...
[10/Apr/2012:13:06:13] ENGINE Bus STARTING
[10/Apr/2012:13:06:13] ENGINE Started monitor thread '_TimeoutMonitor'.
[10/Apr/2012:13:06:13] ENGINE Serving on localhost:8080
[10/Apr/2012:13:06:13] ENGINE Bus STARTED
[10/Apr/2012:13:07:39] ENGINE Keyboard Interrupt: shutting down bus
[10/Apr/2012:13:07:39] ENGINE Bus STOPPING
[10/Apr/2012:13:07:44] ENGINE HTTP Server cherrypy._cpwsgi_server.CPWSGIServer(('localhost', 8080)) shut down
[10/Apr/2012:13:07:44] ENGINE Stopped thread '_TimeoutMonitor'.
[10/Apr/2012:13:07:44] ENGINE Bus STOPPED
[10/Apr/2012:13:07:44] ENGINE Bus EXITING
[10/Apr/2012:13:07:44] ENGINE Bus EXITED
[10/Apr/2012:13:07:44] ENGINE Waiting for child threads to terminate...
[10/Apr/2012:13:16:20] ENGINE Bus STARTING
[10/Apr/2012:13:16:20] ENGINE Started monitor thread '_TimeoutMonitor'.
[10/Apr/2012:13:16:20] ENGINE Serving on localhost:8080
[10/Apr/2012:13:16:20] ENGINE Bus STARTED
[10/Apr/2012:13:17:26] ENGINE Keyboard Interrupt: shutting down bus
[10/Apr/2012:13:17:26] ENGINE Bus STOPPING
[10/Apr/2012:13:17:26] ENGINE HTTP Server cherrypy._cpwsgi_server.CPWSGIServer(('localhost', 8080)) shut down
[10/Apr/2012:13:17:26] ENGINE Stopped thread '_TimeoutMonitor'.
[10/Apr/2012:13:17:26] ENGINE Bus STOPPED
[10/Apr/2012:13:17:26] ENGINE Bus EXITING
[10/Apr/2012:13:17:26] ENGINE Bus EXITED
[10/Apr/2012:13:17:26] ENGINE Waiting for child threads to terminate...
[10/Apr/2012:13:18:10] ENGINE Bus STARTING
[10/Apr/2012:13:18:10] ENGINE Started monitor thread '_TimeoutMonitor'.
[10/Apr/2012:13:18:11] ENGINE Serving on localhost:8080
[10/Apr/2012:13:18:11] ENGINE Bus STARTED
[10/Apr/2012:13:18:55] ENGINE Keyboard Interrupt: shutting down bus
[10/Apr/2012:13:18:55] ENGINE Bus STOPPING
[10/Apr/2012:13:18:55] ENGINE HTTP Server cherrypy._cpwsgi_server.CPWSGIServer(('localhost', 8080)) shut down
[10/Apr/2012:13:18:55] ENGINE Stopped thread '_TimeoutMonitor'.
[10/Apr/2012:13:18:55] ENGINE Bus STOPPED
[10/Apr/2012:13:18:55] ENGINE Bus EXITING
[10/Apr/2012:13:18:55] ENGINE Bus EXITED
[10/Apr/2012:13:18:55] ENGINE Waiting for child threads to terminate...
[10/Apr/2012:13:19:46] ENGINE Bus STARTING
[10/Apr/2012:13:19:46] ENGINE Started monitor thread '_TimeoutMonitor'.
[10/Apr/2012:13:19:46] ENGINE Serving on localhost:8080
[10/Apr/2012:13:19:46] ENGINE Bus STARTED
[10/Apr/2012:13:41:59] ENGINE Keyboard Interrupt: shutting down bus
[10/Apr/2012:13:41:59] ENGINE Bus STOPPING
[10/Apr/2012:13:41:59] ENGINE HTTP Server cherrypy._cpwsgi_server.CPWSGIServer(('localhost', 8080)) shut down
[10/Apr/2012:13:41:59] ENGINE Stopped thread '_TimeoutMonitor'.
[10/Apr/2012:13:41:59] ENGINE Bus STOPPED
[10/Apr/2012:13:41:59] ENGINE Bus EXITING
[10/Apr/2012:13:41:59] ENGINE Bus EXITED
[10/Apr/2012:13:41:59] ENGINE Waiting for child threads to terminate...
[10/Apr/2012:13:45:09] ENGINE Bus STARTING
[10/Apr/2012:13:45:09] ENGINE Started monitor thread '_TimeoutMonitor'.
[10/Apr/2012:13:45:09] ENGINE Serving on localhost:8080
[10/Apr/2012:13:45:09] ENGINE Bus STARTED
[10/Apr/2012:13:48:13] ENGINE Keyboard Interrupt: shutting down bus
[10/Apr/2012:13:48:13] ENGINE Bus STOPPING
[10/Apr/2012:13:48:13] ENGINE HTTP Server cherrypy._cpwsgi_server.CPWSGIServer(('localhost', 8080)) shut down
[10/Apr/2012:13:48:13] ENGINE Stopped thread '_TimeoutMonitor'.
[10/Apr/2012:13:48:13] ENGINE Bus STOPPED
[10/Apr/2012:13:48:13] ENGINE Bus EXITING
[10/Apr/2012:13:48:13] ENGINE Bus EXITED
[10/Apr/2012:13:48:13] ENGINE Waiting for child threads to terminate...
[10/Apr/2012:13:48:58] ENGINE Bus STARTING
[10/Apr/2012:13:48:58] ENGINE Started monitor thread '_TimeoutMonitor'.
[10/Apr/2012:13:48:58] ENGINE Serving on localhost:8080
[10/Apr/2012:13:48:58] ENGINE Bus STARTED
[10/Apr/2012:13:52:17] ENGINE Keyboard Interrupt: shutting down bus
[10/Apr/2012:13:52:17] ENGINE Bus STOPPING
[10/Apr/2012:13:52:17] ENGINE HTTP Server cherrypy._cpwsgi_server.CPWSGIServer(('localhost', 8080)) shut down
[10/Apr/2012:13:52:17] ENGINE Stopped thread '_TimeoutMonitor'.
[10/Apr/2012:13:52:17] ENGINE Bus STOPPED
[10/Apr/2012:13:52:17] ENGINE Bus EXITING
[10/Apr/2012:13:52:17] ENGINE Bus EXITED
[10/Apr/2012:13:52:17] ENGINE Waiting for child threads to terminate...
[10/Apr/2012:13:53:00] ENGINE Bus STARTING
[10/Apr/2012:13:53:00] ENGINE Started monitor thread '_TimeoutMonitor'.
[10/Apr/2012:13:53:01] ENGINE Serving on localhost:8080
[10/Apr/2012:13:53:01] ENGINE Bus STARTED
[10/Apr/2012:13:55:41] ENGINE Keyboard Interrupt: shutting down bus
[10/Apr/2012:13:55:41] ENGINE Bus STOPPING
[10/Apr/2012:13:55:41] ENGINE HTTP Server cherrypy._cpwsgi_server.CPWSGIServer(('localhost', 8080)) shut down
[10/Apr/2012:13:55:41] ENGINE Stopped thread '_TimeoutMonitor'.
[10/Apr/2012:13:55:41] ENGINE Bus STOPPED
[10/Apr/2012:13:55:41] ENGINE Bus EXITING
[10/Apr/2012:13:55:41] ENGINE Bus EXITED
[10/Apr/2012:13:55:41] ENGINE Waiting for child threads to terminate...
[10/Apr/2012:13:56:31] ENGINE Bus STARTING
[10/Apr/2012:13:56:31] ENGINE Started monitor thread '_TimeoutMonitor'.
[10/Apr/2012:13:56:31] ENGINE Serving on localhost:8080
[10/Apr/2012:13:56:31] ENGINE Bus STARTED
[10/Apr/2012:13:58:39] ENGINE Keyboard Interrupt: shutting down bus
[10/Apr/2012:13:58:39] ENGINE Bus STOPPING
[10/Apr/2012:13:58:39] ENGINE HTTP Server cherrypy._cpwsgi_server.CPWSGIServer(('localhost', 8080)) shut down
[10/Apr/2012:13:58:39] ENGINE Stopped thread '_TimeoutMonitor'.
[10/Apr/2012:13:58:39] ENGINE Bus STOPPED
[10/Apr/2012:13:58:39] ENGINE Bus EXITING
[10/Apr/2012:13:58:39] ENGINE Bus EXITED
[10/Apr/2012:13:58:39] ENGINE Waiting for child threads to terminate...
[10/Apr/2012:14:00:15] ENGINE Bus STARTING
[10/Apr/2012:14:00:15] ENGINE Started monitor thread '_TimeoutMonitor'.
[10/Apr/2012:14:00:15] ENGINE Serving on localhost:8080
[10/Apr/2012:14:00:15] ENGINE Bus STARTED
[10/Apr/2012:14:02:07] ENGINE Keyboard Interrupt: shutting down bus
[10/Apr/2012:14:02:07] ENGINE Bus STOPPING
[10/Apr/2012:14:02:07] ENGINE HTTP Server cherrypy._cpwsgi_server.CPWSGIServer(('localhost', 8080)) shut down
[10/Apr/2012:14:02:07] ENGINE Stopped thread '_TimeoutMonitor'.
[10/Apr/2012:14:02:07] ENGINE Bus STOPPED
[10/Apr/2012:14:02:07] ENGINE Bus EXITING
[10/Apr/2012:14:02:07] ENGINE Bus EXITED
[10/Apr/2012:14:02:07] ENGINE Waiting for child threads to terminate...
[10/Apr/2012:14:04:54] ENGINE Bus STARTING
[10/Apr/2012:14:04:54] ENGINE Started monitor thread '_TimeoutMonitor'.
[10/Apr/2012:14:04:54] ENGINE Serving on localhost:8080
[10/Apr/2012:14:04:54] ENGINE Bus STARTED
[10/Apr/2012:14:05:41] ENGINE Keyboard Interrupt: shutting down bus
[10/Apr/2012:14:05:41] ENGINE Bus STOPPING
[10/Apr/2012:14:05:41] ENGINE HTTP Server cherrypy._cpwsgi_server.CPWSGIServer(('localhost', 8080)) shut down
[10/Apr/2012:14:05:41] ENGINE Stopped thread '_TimeoutMonitor'.
[10/Apr/2012:14:05:41] ENGINE Bus STOPPED
[10/Apr/2012:14:05:41] ENGINE Bus EXITING
[10/Apr/2012:14:05:41] ENGINE Bus EXITED
[10/Apr/2012:14:05:41] ENGINE Waiting for child threads to terminate...
[10/Apr/2012:14:06:25] ENGINE Bus STARTING
[10/Apr/2012:14:06:25] ENGINE Started monitor thread '_TimeoutMonitor'.
[10/Apr/2012:14:06:25] ENGINE Serving on localhost:8080
[10/Apr/2012:14:06:25] ENGINE Bus STARTED
[10/Apr/2012:14:07:51] ENGINE Keyboard Interrupt: shutting down bus
[10/Apr/2012:14:07:51] ENGINE Bus STOPPING
[10/Apr/2012:14:07:51] ENGINE HTTP Server cherrypy._cpwsgi_server.CPWSGIServer(('localhost', 8080)) shut down
[10/Apr/2012:14:07:51] ENGINE Stopped thread '_TimeoutMonitor'.
[10/Apr/2012:14:07:51] ENGINE Bus STOPPED
[10/Apr/2012:14:07:51] ENGINE Bus EXITING
[10/Apr/2012:14:07:51] ENGINE Bus EXITED
[10/Apr/2012:14:07:51] ENGINE Waiting for child threads to terminate...
[10/Apr/2012:14:10:21] ENGINE Bus STARTING
[10/Apr/2012:14:10:21] ENGINE Started monitor thread '_TimeoutMonitor'.
[10/Apr/2012:14:10:21] ENGINE Serving on localhost:8080
[10/Apr/2012:14:10:21] ENGINE Bus STARTED
[10/Apr/2012:14:12:57] ENGINE Keyboard Interrupt: shutting down bus
[10/Apr/2012:14:12:57] ENGINE Bus STOPPING
[10/Apr/2012:14:12:57] ENGINE HTTP Server cherrypy._cpwsgi_server.CPWSGIServer(('localhost', 8080)) shut down
[10/Apr/2012:14:12:57] ENGINE Stopped thread '_TimeoutMonitor'.
[10/Apr/2012:14:12:57] ENGINE Bus STOPPED
[10/Apr/2012:14:12:57] ENGINE Bus EXITING
[10/Apr/2012:14:12:57] ENGINE Bus EXITED
[10/Apr/2012:14:12:57] ENGINE Waiting for child threads to terminate...
[10/Apr/2012:14:13:43] ENGINE Bus STARTING
[10/Apr/2012:14:13:43] ENGINE Started monitor thread '_TimeoutMonitor'.
[10/Apr/2012:14:13:43] ENGINE Serving on localhost:8080
[10/Apr/2012:14:13:43] ENGINE Bus STARTED
[10/Apr/2012:14:15:18] ENGINE Keyboard Interrupt: shutting down bus
[10/Apr/2012:14:15:18] ENGINE Bus STOPPING
[10/Apr/2012:14:15:18] ENGINE HTTP Server cherrypy._cpwsgi_server.CPWSGIServer(('localhost', 8080)) shut down
[10/Apr/2012:14:15:18] ENGINE Stopped thread '_TimeoutMonitor'.
[10/Apr/2012:14:15:18] ENGINE Bus STOPPED
[10/Apr/2012:14:15:18] ENGINE Bus EXITING
[10/Apr/2012:14:15:18] ENGINE Bus EXITED
[10/Apr/2012:14:15:18] ENGINE Waiting for child threads to terminate...
[10/Apr/2012:14:16:04] ENGINE Bus STARTING
[10/Apr/2012:14:16:04] ENGINE Started monitor thread '_TimeoutMonitor'.
[10/Apr/2012:14:16:04] ENGINE Serving on localhost:8080
[10/Apr/2012:14:16:04] ENGINE Bus STARTED
[10/Apr/2012:14:16:29] ENGINE Keyboard Interrupt: shutting down bus
[10/Apr/2012:14:16:29] ENGINE Bus STOPPING
[10/Apr/2012:14:16:29] ENGINE HTTP Server cherrypy._cpwsgi_server.CPWSGIServer(('localhost', 8080)) shut down
[10/Apr/2012:14:16:29] ENGINE Stopped thread '_TimeoutMonitor'.
[10/Apr/2012:14:16:29] ENGINE Bus STOPPED
[10/Apr/2012:14:16:29] ENGINE Bus EXITING
[10/Apr/2012:14:16:29] ENGINE Bus EXITED
[10/Apr/2012:14:16:29] ENGINE Waiting for child threads to terminate...
[10/Apr/2012:14:17:16] ENGINE Bus STARTING
[10/Apr/2012:14:17:17] ENGINE Started monitor thread '_TimeoutMonitor'.
[10/Apr/2012:14:17:17] ENGINE Serving on localhost:8080
[10/Apr/2012:14:17:17] ENGINE Bus STARTED
[10/Apr/2012:14:17:36] ENGINE Keyboard Interrupt: shutting down bus
[10/Apr/2012:14:17:36] ENGINE Bus STOPPING
[10/Apr/2012:14:17:36] ENGINE HTTP Server cherrypy._cpwsgi_server.CPWSGIServer(('localhost', 8080)) shut down
[10/Apr/2012:14:17:36] ENGINE Stopped thread '_TimeoutMonitor'.
[10/Apr/2012:14:17:36] ENGINE Bus STOPPED
[10/Apr/2012:14:17:36] ENGINE Bus EXITING
[10/Apr/2012:14:17:36] ENGINE Bus EXITED
[10/Apr/2012:14:17:36] ENGINE Waiting for child threads to terminate...
[10/Apr/2012:14:18:23] ENGINE Bus STARTING
[10/Apr/2012:14:18:23] ENGINE Started monitor thread '_TimeoutMonitor'.
[10/Apr/2012:14:18:23] ENGINE Serving on localhost:8080
[10/Apr/2012:14:18:23] ENGINE Bus STARTED
[10/Apr/2012:14:23:57] ENGINE Keyboard Interrupt: shutting down bus
[10/Apr/2012:14:23:57] ENGINE Bus STOPPING
[10/Apr/2012:14:23:57] ENGINE HTTP Server cherrypy._cpwsgi_server.CPWSGIServer(('localhost', 8080)) shut down
[10/Apr/2012:14:23:57] ENGINE Stopped thread '_TimeoutMonitor'.
[10/Apr/2012:14:23:57] ENGINE Bus STOPPED
[10/Apr/2012:14:23:57] ENGINE Bus EXITING
[10/Apr/2012:14:23:57] ENGINE Bus EXITED
[10/Apr/2012:14:23:57] ENGINE Waiting for child threads to terminate...
[10/Apr/2012:14:24:41] ENGINE Bus STARTING
[10/Apr/2012:14:24:41] ENGINE Started monitor thread '_TimeoutMonitor'.
[10/Apr/2012:14:24:41] ENGINE Serving on localhost:8080
[10/Apr/2012:14:24:41] ENGINE Bus STARTED
[10/Apr/2012:14:25:26] ENGINE Keyboard Interrupt: shutting down bus
[10/Apr/2012:14:25:26] ENGINE Bus STOPPING
[10/Apr/2012:14:25:26] ENGINE HTTP Server cherrypy._cpwsgi_server.CPWSGIServer(('localhost', 8080)) shut down
[10/Apr/2012:14:25:26] ENGINE Stopped thread '_TimeoutMonitor'.
[10/Apr/2012:14:25:26] ENGINE Bus STOPPED
[10/Apr/2012:14:25:26] ENGINE Bus EXITING
[10/Apr/2012:14:25:26] ENGINE Bus EXITED
[10/Apr/2012:14:25:26] ENGINE Waiting for child threads to terminate...
[10/Apr/2012:14:27:43] ENGINE Bus STARTING
[10/Apr/2012:14:27:43] ENGINE Started monitor thread '_TimeoutMonitor'.
[10/Apr/2012:14:27:43] ENGINE Serving on localhost:8080
[10/Apr/2012:14:27:43] ENGINE Bus STARTED
[10/Apr/2012:14:28:25] ENGINE Keyboard Interrupt: shutting down bus
[10/Apr/2012:14:28:25] ENGINE Bus STOPPING
[10/Apr/2012:14:28:25] ENGINE HTTP Server cherrypy._cpwsgi_server.CPWSGIServer(('localhost', 8080)) shut down
[10/Apr/2012:14:28:25] ENGINE Stopped thread '_TimeoutMonitor'.
[10/Apr/2012:14:28:25] ENGINE Bus STOPPED
[10/Apr/2012:14:28:25] ENGINE Bus EXITING
[10/Apr/2012:14:28:25] ENGINE Bus EXITED
[10/Apr/2012:14:28:25] ENGINE Waiting for child threads to terminate...
[10/Apr/2012:14:29:16] ENGINE Bus STARTING
[10/Apr/2012:14:29:16] ENGINE Started monitor thread '_TimeoutMonitor'.
[10/Apr/2012:14:29:16] ENGINE Serving on localhost:8080
[10/Apr/2012:14:29:16] ENGINE Bus STARTED
[10/Apr/2012:14:29:51] ENGINE Keyboard Interrupt: shutting down bus
[10/Apr/2012:14:29:51] ENGINE Bus STOPPING
[10/Apr/2012:14:29:51] ENGINE HTTP Server cherrypy._cpwsgi_server.CPWSGIServer(('localhost', 8080)) shut down
[10/Apr/2012:14:29:51] ENGINE Stopped thread '_TimeoutMonitor'.
[10/Apr/2012:14:29:51] ENGINE Bus STOPPED
[10/Apr/2012:14:29:51] ENGINE Bus EXITING
[10/Apr/2012:14:29:51] ENGINE Bus EXITED
[10/Apr/2012:14:29:51] ENGINE Waiting for child threads to terminate...
[10/Apr/2012:14:31:04] ENGINE Bus STARTING
[10/Apr/2012:14:31:04] ENGINE Started monitor thread '_TimeoutMonitor'.
[10/Apr/2012:14:31:04] ENGINE Serving on localhost:8080
[10/Apr/2012:14:31:04] ENGINE Bus STARTED
[10/Apr/2012:14:34:35] ENGINE Keyboard Interrupt: shutting down bus
[10/Apr/2012:14:34:35] ENGINE Bus STOPPING
[10/Apr/2012:14:34:35] ENGINE HTTP Server cherrypy._cpwsgi_server.CPWSGIServer(('localhost', 8080)) shut down
[10/Apr/2012:14:34:35] ENGINE Stopped thread '_TimeoutMonitor'.
[10/Apr/2012:14:34:35] ENGINE Bus STOPPED
[10/Apr/2012:14:34:35] ENGINE Bus EXITING
[10/Apr/2012:14:34:35] ENGINE Bus EXITED
[10/Apr/2012:14:34:35] ENGINE Waiting for child threads to terminate...
[10/Apr/2012:14:35:51] ENGINE Bus STARTING
[10/Apr/2012:14:35:51] ENGINE Started monitor thread '_TimeoutMonitor'.
[10/Apr/2012:14:35:51] ENGINE Serving on localhost:8080
[10/Apr/2012:14:35:51] ENGINE Bus STARTED
[10/Apr/2012:14:37:19] ENGINE Keyboard Interrupt: shutting down bus
[10/Apr/2012:14:37:19] ENGINE Bus STOPPING
[10/Apr/2012:14:37:19] ENGINE HTTP Server cherrypy._cpwsgi_server.CPWSGIServer(('localhost', 8080)) shut down
[10/Apr/2012:14:37:19] ENGINE Stopped thread '_TimeoutMonitor'.
[10/Apr/2012:14:37:19] ENGINE Bus STOPPED
[10/Apr/2012:14:37:19] ENGINE Bus EXITING
[10/Apr/2012:14:37:19] ENGINE Bus EXITED
[10/Apr/2012:14:37:19] ENGINE Waiting for child threads to terminate...
[10/Apr/2012:14:38:07] ENGINE Bus STARTING
[10/Apr/2012:14:38:07] ENGINE Started monitor thread '_TimeoutMonitor'.
[10/Apr/2012:14:38:07] ENGINE Serving on localhost:8080
[10/Apr/2012:14:38:07] ENGINE Bus STARTED
[10/Apr/2012:14:38:28] ENGINE Keyboard Interrupt: shutting down bus
[10/Apr/2012:14:38:28] ENGINE Bus STOPPING
[10/Apr/2012:14:38:28] ENGINE HTTP Server cherrypy._cpwsgi_server.CPWSGIServer(('localhost', 8080)) shut down
[10/Apr/2012:14:38:28] ENGINE Stopped thread '_TimeoutMonitor'.
[10/Apr/2012:14:38:28] ENGINE Bus STOPPED
[10/Apr/2012:14:38:28] ENGINE Bus EXITING
[10/Apr/2012:14:38:28] ENGINE Bus EXITED
[10/Apr/2012:14:38:28] ENGINE Waiting for child threads to terminate...
[10/Apr/2012:14:39:39] ENGINE Bus STARTING
[10/Apr/2012:14:39:39] ENGINE Started monitor thread '_TimeoutMonitor'.
[10/Apr/2012:14:39:39] ENGINE Serving on localhost:8080
[10/Apr/2012:14:39:39] ENGINE Bus STARTED
[10/Apr/2012:14:41:48] ENGINE Keyboard Interrupt: shutting down bus
[10/Apr/2012:14:41:48] ENGINE Bus STOPPING
[10/Apr/2012:14:41:48] ENGINE HTTP Server cherrypy._cpwsgi_server.CPWSGIServer(('localhost', 8080)) shut down
[10/Apr/2012:14:41:48] ENGINE Stopped thread '_TimeoutMonitor'.
[10/Apr/2012:14:41:48] ENGINE Bus STOPPED
[10/Apr/2012:14:41:48] ENGINE Bus EXITING
[10/Apr/2012:14:41:48] ENGINE Bus EXITED
[10/Apr/2012:14:41:48] ENGINE Waiting for child threads to terminate...
[10/Apr/2012:14:42:35] ENGINE Bus STARTING
[10/Apr/2012:14:42:35] ENGINE Started monitor thread '_TimeoutMonitor'.
[10/Apr/2012:14:42:35] ENGINE Serving on localhost:8080
[10/Apr/2012:14:42:35] ENGINE Bus STARTED
[10/Apr/2012:15:00:04] ENGINE Keyboard Interrupt: shutting down bus
[10/Apr/2012:15:00:04] ENGINE Bus STOPPING
[10/Apr/2012:15:00:04] ENGINE HTTP Server cherrypy._cpwsgi_server.CPWSGIServer(('localhost', 8080)) shut down
[10/Apr/2012:15:00:04] ENGINE Stopped thread '_TimeoutMonitor'.
[10/Apr/2012:15:00:04] ENGINE Bus STOPPED
[10/Apr/2012:15:00:04] ENGINE Bus EXITING
[10/Apr/2012:15:00:04] ENGINE Bus EXITED
[10/Apr/2012:15:00:04] ENGINE Waiting for child threads to terminate...
[10/Apr/2012:15:05:08] ENGINE Bus STARTING
[10/Apr/2012:15:05:08] ENGINE Started monitor thread '_TimeoutMonitor'.
[10/Apr/2012:15:05:09] ENGINE Serving on localhost:8080
[10/Apr/2012:15:05:09] ENGINE Bus STARTED
[10/Apr/2012:15:08:13] ENGINE Keyboard Interrupt: shutting down bus
[10/Apr/2012:15:08:13] ENGINE Bus STOPPING
[10/Apr/2012:15:08:13] ENGINE HTTP Server cherrypy._cpwsgi_server.CPWSGIServer(('localhost', 8080)) shut down
[10/Apr/2012:15:08:13] ENGINE Stopped thread '_TimeoutMonitor'.
[10/Apr/2012:15:08:13] ENGINE Bus STOPPED
[10/Apr/2012:15:08:13] ENGINE Bus EXITING
[10/Apr/2012:15:08:13] ENGINE Bus EXITED
[10/Apr/2012:15:08:13] ENGINE Waiting for child threads to terminate...
[10/Apr/2012:15:09:04] ENGINE Bus STARTING
[10/Apr/2012:15:09:04] ENGINE Started monitor thread '_TimeoutMonitor'.
[10/Apr/2012:15:09:04] ENGINE Serving on localhost:8080
[10/Apr/2012:15:09:04] ENGINE Bus STARTED
[10/Apr/2012:15:11:23] ENGINE Keyboard Interrupt: shutting down bus
[10/Apr/2012:15:11:23] ENGINE Bus STOPPING
[10/Apr/2012:15:11:23] ENGINE HTTP Server cherrypy._cpwsgi_server.CPWSGIServer(('localhost', 8080)) shut down
[10/Apr/2012:15:11:23] ENGINE Stopped thread '_TimeoutMonitor'.
[10/Apr/2012:15:11:23] ENGINE Bus STOPPED
[10/Apr/2012:15:11:23] ENGINE Bus EXITING
[10/Apr/2012:15:11:23] ENGINE Bus EXITED
[10/Apr/2012:15:11:23] ENGINE Waiting for child threads to terminate...
[10/Apr/2012:15:12:30] ENGINE Bus STARTING
[10/Apr/2012:15:12:30] ENGINE Started monitor thread '_TimeoutMonitor'.
[10/Apr/2012:15:12:30] ENGINE Serving on localhost:8080
[10/Apr/2012:15:12:30] ENGINE Bus STARTED
[10/Apr/2012:15:13:11] ENGINE Keyboard Interrupt: shutting down bus
[10/Apr/2012:15:13:11] ENGINE Bus STOPPING
[10/Apr/2012:15:13:11] ENGINE HTTP Server cherrypy._cpwsgi_server.CPWSGIServer(('localhost', 8080)) shut down
[10/Apr/2012:15:13:11] ENGINE Stopped thread '_TimeoutMonitor'.
[10/Apr/2012:15:13:11] ENGINE Bus STOPPED
[10/Apr/2012:15:13:11] ENGINE Bus EXITING
[10/Apr/2012:15:13:11] ENGINE Bus EXITED
[10/Apr/2012:15:13:11] ENGINE Waiting for child threads to terminate...
[10/Apr/2012:15:14:06] ENGINE Bus STARTING
[10/Apr/2012:15:14:06] ENGINE Started monitor thread '_TimeoutMonitor'.
[10/Apr/2012:15:14:06] ENGINE Serving on localhost:8080
[10/Apr/2012:15:14:06] ENGINE Bus STARTED
[10/Apr/2012:15:17:06] ENGINE Keyboard Interrupt: shutting down bus
[10/Apr/2012:15:17:06] ENGINE Bus STOPPING
[10/Apr/2012:15:17:06] ENGINE HTTP Server cherrypy._cpwsgi_server.CPWSGIServer(('localhost', 8080)) shut down
[10/Apr/2012:15:17:06] ENGINE Stopped thread '_TimeoutMonitor'.
[10/Apr/2012:15:17:06] ENGINE Bus STOPPED
[10/Apr/2012:15:17:06] ENGINE Bus EXITING
[10/Apr/2012:15:17:06] ENGINE Bus EXITED
[10/Apr/2012:15:17:06] ENGINE Waiting for child threads to terminate...
[10/Apr/2012:15:17:48] ENGINE Bus STARTING
[10/Apr/2012:15:17:48] ENGINE Started monitor thread '_TimeoutMonitor'.
[10/Apr/2012:15:17:49] ENGINE Serving on localhost:8080
[10/Apr/2012:15:17:49] ENGINE Bus STARTED
[10/Apr/2012:17:28:36] ENGINE Bus STARTING
[10/Apr/2012:17:28:36] ENGINE Started monitor thread '_TimeoutMonitor'.
[10/Apr/2012:17:28:37] ENGINE Serving on localhost:8080
[10/Apr/2012:17:28:37] ENGINE Bus STARTED
[10/Apr/2012:17:31:43] ENGINE Keyboard Interrupt: shutting down bus
[10/Apr/2012:17:31:43] ENGINE Bus STOPPING
[10/Apr/2012:17:31:43] ENGINE HTTP Server cherrypy._cpwsgi_server.CPWSGIServer(('localhost', 8080)) shut down
[10/Apr/2012:17:31:43] ENGINE Stopped thread '_TimeoutMonitor'.
[10/Apr/2012:17:31:43] ENGINE Bus STOPPED
[10/Apr/2012:17:31:43] ENGINE Bus EXITING
[10/Apr/2012:17:31:43] ENGINE Bus EXITED
[10/Apr/2012:17:31:43] ENGINE Waiting for child threads to terminate...
[10/Apr/2012:17:33:08] ENGINE Bus STARTING
[10/Apr/2012:17:33:08] ENGINE Started monitor thread '_TimeoutMonitor'.
[10/Apr/2012:17:33:08] ENGINE Serving on localhost:8080
[10/Apr/2012:17:33:08] ENGINE Bus STARTED
[10/Apr/2012:17:34:13] ENGINE Keyboard Interrupt: shutting down bus
[10/Apr/2012:17:34:13] ENGINE Bus STOPPING
[10/Apr/2012:17:34:13] ENGINE HTTP Server cherrypy._cpwsgi_server.CPWSGIServer(('localhost', 8080)) shut down
[10/Apr/2012:17:34:13] ENGINE Stopped thread '_TimeoutMonitor'.
[10/Apr/2012:17:34:13] ENGINE Bus STOPPED
[10/Apr/2012:17:34:13] ENGINE Bus EXITING
[10/Apr/2012:17:34:13] ENGINE Bus EXITED
[10/Apr/2012:17:34:13] ENGINE Waiting for child threads to terminate...
[10/Apr/2012:17:35:06] ENGINE Bus STARTING
[10/Apr/2012:17:35:06] ENGINE Started monitor thread '_TimeoutMonitor'.
[10/Apr/2012:17:35:06] ENGINE Serving on localhost:8080
[10/Apr/2012:17:35:06] ENGINE Bus STARTED
[10/Apr/2012:17:37:28] ENGINE Keyboard Interrupt: shutting down bus
[10/Apr/2012:17:37:28] ENGINE Bus STOPPING
[10/Apr/2012:17:37:28] ENGINE HTTP Server cherrypy._cpwsgi_server.CPWSGIServer(('localhost', 8080)) shut down
[10/Apr/2012:17:37:28] ENGINE Stopped thread '_TimeoutMonitor'.
[10/Apr/2012:17:37:28] ENGINE Bus STOPPED
[10/Apr/2012:17:37:28] ENGINE Bus EXITING
[10/Apr/2012:17:37:28] ENGINE Bus EXITED
[10/Apr/2012:17:37:28] ENGINE Waiting for child threads to terminate...
[10/Apr/2012:17:38:17] ENGINE Bus STARTING
[10/Apr/2012:17:38:17] ENGINE Started monitor thread '_TimeoutMonitor'.
[10/Apr/2012:17:38:17] ENGINE Serving on localhost:8080
[10/Apr/2012:17:38:17] ENGINE Bus STARTED
[10/Apr/2012:17:38:57] ENGINE Keyboard Interrupt: shutting down bus
[10/Apr/2012:17:38:57] ENGINE Bus STOPPING
[10/Apr/2012:17:38:57] ENGINE HTTP Server cherrypy._cpwsgi_server.CPWSGIServer(('localhost', 8080)) shut down
[10/Apr/2012:17:38:57] ENGINE Stopped thread '_TimeoutMonitor'.
[10/Apr/2012:17:38:57] ENGINE Bus STOPPED
[10/Apr/2012:17:38:57] ENGINE Bus EXITING
[10/Apr/2012:17:38:57] ENGINE Bus EXITED
[10/Apr/2012:17:38:57] ENGINE Waiting for child threads to terminate...
[10/Apr/2012:17:39:48] ENGINE Bus STARTING
[10/Apr/2012:17:39:48] ENGINE Started monitor thread '_TimeoutMonitor'.
[10/Apr/2012:17:39:48] ENGINE Serving on localhost:8080
[10/Apr/2012:17:39:48] ENGINE Bus STARTED
[10/Apr/2012:17:40:29] ENGINE Keyboard Interrupt: shutting down bus
[10/Apr/2012:17:40:29] ENGINE Bus STOPPING
[10/Apr/2012:17:40:29] ENGINE HTTP Server cherrypy._cpwsgi_server.CPWSGIServer(('localhost', 8080)) shut down
[10/Apr/2012:17:40:29] ENGINE Stopped thread '_TimeoutMonitor'.
[10/Apr/2012:17:40:29] ENGINE Bus STOPPED
[10/Apr/2012:17:40:29] ENGINE Bus EXITING
[10/Apr/2012:17:40:29] ENGINE Bus EXITED
[10/Apr/2012:17:40:29] ENGINE Waiting for child threads to terminate...
[10/Apr/2012:17:41:16] ENGINE Bus STARTING
[10/Apr/2012:17:41:16] ENGINE Started monitor thread '_TimeoutMonitor'.
[10/Apr/2012:17:41:16] ENGINE Serving on localhost:8080
[10/Apr/2012:17:41:16] ENGINE Bus STARTED
[10/Apr/2012:17:41:49] ENGINE Keyboard Interrupt: shutting down bus
[10/Apr/2012:17:41:49] ENGINE Bus STOPPING
[10/Apr/2012:17:41:49] ENGINE HTTP Server cherrypy._cpwsgi_server.CPWSGIServer(('localhost', 8080)) shut down
[10/Apr/2012:17:41:49] ENGINE Stopped thread '_TimeoutMonitor'.
[10/Apr/2012:17:41:49] ENGINE Bus STOPPED
[10/Apr/2012:17:41:49] ENGINE Bus EXITING
[10/Apr/2012:17:41:49] ENGINE Bus EXITED
[10/Apr/2012:17:41:49] ENGINE Waiting for child threads to terminate...
[10/Apr/2012:17:42:50] ENGINE Bus STARTING
[10/Apr/2012:17:42:50] ENGINE Started monitor thread '_TimeoutMonitor'.
[10/Apr/2012:17:42:50] ENGINE Serving on localhost:8080
[10/Apr/2012:17:42:50] ENGINE Bus STARTED
[10/Apr/2012:17:44:33] ENGINE Keyboard Interrupt: shutting down bus
[10/Apr/2012:17:44:33] ENGINE Bus STOPPING
[10/Apr/2012:17:44:33] ENGINE HTTP Server cherrypy._cpwsgi_server.CPWSGIServer(('localhost', 8080)) shut down
[10/Apr/2012:17:44:33] ENGINE Stopped thread '_TimeoutMonitor'.
[10/Apr/2012:17:44:33] ENGINE Bus STOPPED
[10/Apr/2012:17:44:33] ENGINE Bus EXITING
[10/Apr/2012:17:44:33] ENGINE Bus EXITED
[10/Apr/2012:17:44:33] ENGINE Waiting for child threads to terminate...
[10/Apr/2012:17:45:29] ENGINE Bus STARTING
[10/Apr/2012:17:45:29] ENGINE Started monitor thread '_TimeoutMonitor'.
[10/Apr/2012:17:45:29] ENGINE Serving on localhost:8080
[10/Apr/2012:17:45:29] ENGINE Bus STARTED
[10/Apr/2012:17:46:07] ENGINE Keyboard Interrupt: shutting down bus
[10/Apr/2012:17:46:07] ENGINE Bus STOPPING
[10/Apr/2012:17:46:07] ENGINE HTTP Server cherrypy._cpwsgi_server.CPWSGIServer(('localhost', 8080)) shut down
[10/Apr/2012:17:46:07] ENGINE Stopped thread '_TimeoutMonitor'.
[10/Apr/2012:17:46:07] ENGINE Bus STOPPED
[10/Apr/2012:17:46:07] ENGINE Bus EXITING
[10/Apr/2012:17:46:07] ENGINE Bus EXITED
[10/Apr/2012:17:46:07] ENGINE Waiting for child threads to terminate...
[10/Apr/2012:17:47:06] ENGINE Bus STARTING
[10/Apr/2012:17:47:06] ENGINE Started monitor thread '_TimeoutMonitor'.
[10/Apr/2012:17:47:06] ENGINE Serving on localhost:8080
[10/Apr/2012:17:47:06] ENGINE Bus STARTED
[10/Apr/2012:17:47:28] ENGINE Keyboard Interrupt: shutting down bus
[10/Apr/2012:17:47:28] ENGINE Bus STOPPING
[10/Apr/2012:17:47:28] ENGINE HTTP Server cherrypy._cpwsgi_server.CPWSGIServer(('localhost', 8080)) shut down
[10/Apr/2012:17:47:28] ENGINE Stopped thread '_TimeoutMonitor'.
[10/Apr/2012:17:47:28] ENGINE Bus STOPPED
[10/Apr/2012:17:47:28] ENGINE Bus EXITING
[10/Apr/2012:17:47:28] ENGINE Bus EXITED
[10/Apr/2012:17:47:28] ENGINE Waiting for child threads to terminate...
[10/Apr/2012:21:17:26] ENGINE Bus STARTING
[10/Apr/2012:21:17:26] ENGINE Started monitor thread '_TimeoutMonitor'.
[10/Apr/2012:21:17:26] ENGINE Serving on localhost:8080
[10/Apr/2012:21:17:26] ENGINE Bus STARTED
[10/Apr/2012:21:20:18] ENGINE Keyboard Interrupt: shutting down bus
[10/Apr/2012:21:20:18] ENGINE Bus STOPPING
[10/Apr/2012:21:20:18] ENGINE HTTP Server cherrypy._cpwsgi_server.CPWSGIServer(('localhost', 8080)) shut down
[10/Apr/2012:21:20:18] ENGINE Stopped thread '_TimeoutMonitor'.
[10/Apr/2012:21:20:18] ENGINE Bus STOPPED
[10/Apr/2012:21:20:18] ENGINE Bus EXITING
[10/Apr/2012:21:20:18] ENGINE Bus EXITED
[10/Apr/2012:21:20:18] ENGINE Waiting for child threads to terminate...
[10/Apr/2012:21:21:11] ENGINE Bus STARTING
[10/Apr/2012:21:21:11] ENGINE Started monitor thread '_TimeoutMonitor'.
[10/Apr/2012:21:21:11] ENGINE Serving on localhost:8080
[10/Apr/2012:21:21:11] ENGINE Bus STARTED
[10/Apr/2012:21:24:13] ENGINE Keyboard Interrupt: shutting down bus
[10/Apr/2012:21:24:13] ENGINE Bus STOPPING
[10/Apr/2012:21:24:13] ENGINE HTTP Server cherrypy._cpwsgi_server.CPWSGIServer(('localhost', 8080)) shut down
[10/Apr/2012:21:24:13] ENGINE Stopped thread '_TimeoutMonitor'.
[10/Apr/2012:21:24:13] ENGINE Bus STOPPED
[10/Apr/2012:21:24:13] ENGINE Bus EXITING
[10/Apr/2012:21:24:13] ENGINE Bus EXITED
[10/Apr/2012:21:24:13] ENGINE Waiting for child threads to terminate...
[10/Apr/2012:21:26:19] ENGINE Bus STARTING
[10/Apr/2012:21:26:19] ENGINE Started monitor thread '_TimeoutMonitor'.
[10/Apr/2012:21:26:19] ENGINE Serving on localhost:8080
[10/Apr/2012:21:26:19] ENGINE Bus STARTED
[10/Apr/2012:21:27:49] ENGINE Keyboard Interrupt: shutting down bus
[10/Apr/2012:21:27:49] ENGINE Bus STOPPING
[10/Apr/2012:21:27:49] ENGINE HTTP Server cherrypy._cpwsgi_server.CPWSGIServer(('localhost', 8080)) shut down
[10/Apr/2012:21:27:49] ENGINE Stopped thread '_TimeoutMonitor'.
[10/Apr/2012:21:27:49] ENGINE Bus STOPPED
[10/Apr/2012:21:27:49] ENGINE Bus EXITING
[10/Apr/2012:21:27:49] ENGINE Bus EXITED
[10/Apr/2012:21:27:49] ENGINE Waiting for child threads to terminate...
[10/Apr/2012:21:28:44] ENGINE Bus STARTING
[10/Apr/2012:21:28:44] ENGINE Started monitor thread '_TimeoutMonitor'.
[10/Apr/2012:21:28:44] ENGINE Serving on localhost:8080
[10/Apr/2012:21:28:44] ENGINE Bus STARTED
[10/Apr/2012:21:30:53] ENGINE Keyboard Interrupt: shutting down bus
[10/Apr/2012:21:30:53] ENGINE Bus STOPPING
[10/Apr/2012:21:30:53] ENGINE HTTP Server cherrypy._cpwsgi_server.CPWSGIServer(('localhost', 8080)) shut down
[10/Apr/2012:21:30:53] ENGINE Stopped thread '_TimeoutMonitor'.
[10/Apr/2012:21:30:53] ENGINE Bus STOPPED
[10/Apr/2012:21:30:53] ENGINE Bus EXITING
[10/Apr/2012:21:30:53] ENGINE Bus EXITED
[10/Apr/2012:21:30:53] ENGINE Waiting for child threads to terminate...
[10/Apr/2012:21:32:23] ENGINE Bus STARTING
[10/Apr/2012:21:32:23] ENGINE Started monitor thread '_TimeoutMonitor'.
[10/Apr/2012:21:32:23] ENGINE Serving on localhost:8080
[10/Apr/2012:21:32:23] ENGINE Bus STARTED
[10/Apr/2012:21:34:29] ENGINE Keyboard Interrupt: shutting down bus
[10/Apr/2012:21:34:29] ENGINE Bus STOPPING
[10/Apr/2012:21:34:29] ENGINE HTTP Server cherrypy._cpwsgi_server.CPWSGIServer(('localhost', 8080)) shut down
[10/Apr/2012:21:34:29] ENGINE Stopped thread '_TimeoutMonitor'.
[10/Apr/2012:21:34:29] ENGINE Bus STOPPED
[10/Apr/2012:21:34:29] ENGINE Bus EXITING
[10/Apr/2012:21:34:29] ENGINE Bus EXITED
[10/Apr/2012:21:34:29] ENGINE Waiting for child threads to terminate...
[10/Apr/2012:21:35:17] ENGINE Bus STARTING
[10/Apr/2012:21:35:17] ENGINE Started monitor thread '_TimeoutMonitor'.
[10/Apr/2012:21:35:17] ENGINE Serving on localhost:8080
[10/Apr/2012:21:35:17] ENGINE Bus STARTED
[10/Apr/2012:21:39:41] ENGINE Keyboard Interrupt: shutting down bus
[10/Apr/2012:21:39:41] ENGINE Bus STOPPING
[10/Apr/2012:21:39:41] ENGINE HTTP Server cherrypy._cpwsgi_server.CPWSGIServer(('localhost', 8080)) shut down
[10/Apr/2012:21:39:41] ENGINE Stopped thread '_TimeoutMonitor'.
[10/Apr/2012:21:39:41] ENGINE Bus STOPPED
[10/Apr/2012:21:39:41] ENGINE Bus EXITING
[10/Apr/2012:21:39:41] ENGINE Bus EXITED
[10/Apr/2012:21:39:41] ENGINE Waiting for child threads to terminate...
[10/Apr/2012:21:40:32] ENGINE Bus STARTING
[10/Apr/2012:21:40:32] ENGINE Started monitor thread '_TimeoutMonitor'.
[10/Apr/2012:21:40:32] ENGINE Serving on localhost:8080
[10/Apr/2012:21:40:32] ENGINE Bus STARTED
[10/Apr/2012:21:41:07] ENGINE Keyboard Interrupt: shutting down bus
[10/Apr/2012:21:41:07] ENGINE Bus STOPPING
[10/Apr/2012:21:41:07] ENGINE HTTP Server cherrypy._cpwsgi_server.CPWSGIServer(('localhost', 8080)) shut down
[10/Apr/2012:21:41:07] ENGINE Stopped thread '_TimeoutMonitor'.
[10/Apr/2012:21:41:07] ENGINE Bus STOPPED
[10/Apr/2012:21:41:07] ENGINE Bus EXITING
[10/Apr/2012:21:41:07] ENGINE Bus EXITED
[10/Apr/2012:21:41:07] ENGINE Waiting for child threads to terminate...
[10/Apr/2012:21:41:56] ENGINE Bus STARTING
[10/Apr/2012:21:41:56] ENGINE Started monitor thread '_TimeoutMonitor'.
[10/Apr/2012:21:41:56] ENGINE Serving on localhost:8080
[10/Apr/2012:21:41:56] ENGINE Bus STARTED
[10/Apr/2012:21:45:09] ENGINE Keyboard Interrupt: shutting down bus
[10/Apr/2012:21:45:09] ENGINE Bus STOPPING
[10/Apr/2012:21:45:09] ENGINE HTTP Server cherrypy._cpwsgi_server.CPWSGIServer(('localhost', 8080)) shut down
[10/Apr/2012:21:45:09] ENGINE Stopped thread '_TimeoutMonitor'.
[10/Apr/2012:21:45:09] ENGINE Bus STOPPED
[10/Apr/2012:21:45:09] ENGINE Bus EXITING
[10/Apr/2012:21:45:09] ENGINE Bus EXITED
[10/Apr/2012:21:45:09] ENGINE Waiting for child threads to terminate...
[06/Jun/2012:23:49:54] ENGINE Bus STARTING
[06/Jun/2012:23:49:54] ENGINE Started monitor thread '_TimeoutMonitor'.
[06/Jun/2012:23:49:54] ENGINE Serving on localhost:8080
[06/Jun/2012:23:49:54] ENGINE Bus STARTED
[06/Jun/2012:23:51:49] ENGINE Keyboard Interrupt: shutting down bus
[06/Jun/2012:23:51:49] ENGINE Bus STOPPING
[06/Jun/2012:23:51:49] ENGINE HTTP Server cherrypy._cpwsgi_server.CPWSGIServer(('localhost', 8080)) shut down
[06/Jun/2012:23:51:49] ENGINE Stopped thread '_TimeoutMonitor'.
[06/Jun/2012:23:51:49] ENGINE Bus STOPPED
[06/Jun/2012:23:51:49] ENGINE Bus EXITING
[06/Jun/2012:23:51:49] ENGINE Bus EXITED
[06/Jun/2012:23:51:49] ENGINE Waiting for child threads to terminate...
[06/Jun/2012:23:52:38] ENGINE Bus STARTING
[06/Jun/2012:23:52:38] ENGINE Started monitor thread '_TimeoutMonitor'.
[06/Jun/2012:23:52:39] ENGINE Serving on localhost:8080
[06/Jun/2012:23:52:39] ENGINE Bus STARTED
[06/Jun/2012:23:54:00] ENGINE Keyboard Interrupt: shutting down bus
[06/Jun/2012:23:54:00] ENGINE Bus STOPPING
[06/Jun/2012:23:54:00] ENGINE HTTP Server cherrypy._cpwsgi_server.CPWSGIServer(('localhost', 8080)) shut down
[06/Jun/2012:23:54:00] ENGINE Stopped thread '_TimeoutMonitor'.
[06/Jun/2012:23:54:00] ENGINE Bus STOPPED
[06/Jun/2012:23:54:00] ENGINE Bus EXITING
[06/Jun/2012:23:54:00] ENGINE Bus EXITED
[06/Jun/2012:23:54:00] ENGINE Waiting for child threads to terminate...
[06/Jun/2012:23:55:53] ENGINE Bus STARTING
[06/Jun/2012:23:55:53] ENGINE Started monitor thread '_TimeoutMonitor'.
[06/Jun/2012:23:55:54] ENGINE Serving on localhost:8080
[06/Jun/2012:23:55:54] ENGINE Bus STARTED
[06/Jun/2012:23:58:13] ENGINE Keyboard Interrupt: shutting down bus
[06/Jun/2012:23:58:13] ENGINE Bus STOPPING
[06/Jun/2012:23:58:13] ENGINE HTTP Server cherrypy._cpwsgi_server.CPWSGIServer(('localhost', 8080)) shut down
[06/Jun/2012:23:58:13] ENGINE Stopped thread '_TimeoutMonitor'.
[06/Jun/2012:23:58:13] ENGINE Bus STOPPED
[06/Jun/2012:23:58:13] ENGINE Bus EXITING
[06/Jun/2012:23:58:13] ENGINE Bus EXITED
[06/Jun/2012:23:58:13] ENGINE Waiting for child threads to terminate...
[07/Jun/2012:00:01:41] ENGINE Bus STARTING
[07/Jun/2012:00:01:41] ENGINE Started monitor thread '_TimeoutMonitor'.
[07/Jun/2012:00:01:41] ENGINE Serving on localhost:8080
[07/Jun/2012:00:01:41] ENGINE Bus STARTED
[07/Jun/2012:00:02:28] ENGINE Keyboard Interrupt: shutting down bus
[07/Jun/2012:00:02:28] ENGINE Bus STOPPING
[07/Jun/2012:00:02:28] ENGINE HTTP Server cherrypy._cpwsgi_server.CPWSGIServer(('localhost', 8080)) shut down
[07/Jun/2012:00:02:28] ENGINE Stopped thread '_TimeoutMonitor'.
[07/Jun/2012:00:02:28] ENGINE Bus STOPPED
[07/Jun/2012:00:02:28] ENGINE Bus EXITING
[07/Jun/2012:00:02:28] ENGINE Bus EXITED
[07/Jun/2012:00:02:28] ENGINE Waiting for child threads to terminate...
[07/Jun/2012:00:03:15] ENGINE Bus STARTING
[07/Jun/2012:00:03:15] ENGINE Started monitor thread '_TimeoutMonitor'.
[07/Jun/2012:00:03:15] ENGINE Serving on localhost:8080
[07/Jun/2012:00:03:15] ENGINE Bus STARTED
[07/Jun/2012:00:04:04] ENGINE Keyboard Interrupt: shutting down bus
[07/Jun/2012:00:04:04] ENGINE Bus STOPPING
[07/Jun/2012:00:04:04] ENGINE HTTP Server cherrypy._cpwsgi_server.CPWSGIServer(('localhost', 8080)) shut down
[07/Jun/2012:00:04:04] ENGINE Stopped thread '_TimeoutMonitor'.
[07/Jun/2012:00:04:04] ENGINE Bus STOPPED
[07/Jun/2012:00:04:04] ENGINE Bus EXITING
[07/Jun/2012:00:04:04] ENGINE Bus EXITED
[07/Jun/2012:00:04:04] ENGINE Waiting for child threads to terminate...
[07/Jun/2012:00:04:53] ENGINE Bus STARTING
[07/Jun/2012:00:04:53] ENGINE Started monitor thread '_TimeoutMonitor'.
[07/Jun/2012:00:04:53] ENGINE Serving on localhost:8080
[07/Jun/2012:00:04:53] ENGINE Bus STARTED
[07/Jun/2012:00:05:26] ENGINE Keyboard Interrupt: shutting down bus
[07/Jun/2012:00:05:26] ENGINE Bus STOPPING
[07/Jun/2012:00:05:26] ENGINE HTTP Server cherrypy._cpwsgi_server.CPWSGIServer(('localhost', 8080)) shut down
[07/Jun/2012:00:05:26] ENGINE Stopped thread '_TimeoutMonitor'.
[07/Jun/2012:00:05:26] ENGINE Bus STOPPED
[07/Jun/2012:00:05:26] ENGINE Bus EXITING
[07/Jun/2012:00:05:26] ENGINE Bus EXITED
[07/Jun/2012:00:05:26] ENGINE Waiting for child threads to terminate...
[07/Jun/2012:00:06:10] ENGINE Bus STARTING
[07/Jun/2012:00:06:10] ENGINE Started monitor thread '_TimeoutMonitor'.
[07/Jun/2012:00:06:10] ENGINE Serving on localhost:8080
[07/Jun/2012:00:06:10] ENGINE Bus STARTED
[07/Jun/2012:00:06:28] ENGINE Keyboard Interrupt: shutting down bus
[07/Jun/2012:00:06:28] ENGINE Bus STOPPING
[07/Jun/2012:00:06:28] ENGINE HTTP Server cherrypy._cpwsgi_server.CPWSGIServer(('localhost', 8080)) shut down
[07/Jun/2012:00:06:28] ENGINE Stopped thread '_TimeoutMonitor'.
[07/Jun/2012:00:06:28] ENGINE Bus STOPPED
[07/Jun/2012:00:06:28] ENGINE Bus EXITING
[07/Jun/2012:00:06:28] ENGINE Bus EXITED
[07/Jun/2012:00:06:28] ENGINE Waiting for child threads to terminate...
[07/Jun/2012:00:07:13] ENGINE Bus STARTING
[07/Jun/2012:00:07:13] ENGINE Started monitor thread '_TimeoutMonitor'.
[07/Jun/2012:00:07:14] ENGINE Serving on localhost:8080
[07/Jun/2012:00:07:14] ENGINE Bus STARTED
[07/Jun/2012:00:07:36] ENGINE Keyboard Interrupt: shutting down bus
[07/Jun/2012:00:07:36] ENGINE Bus STOPPING
[07/Jun/2012:00:07:36] ENGINE HTTP Server cherrypy._cpwsgi_server.CPWSGIServer(('localhost', 8080)) shut down
[07/Jun/2012:00:07:36] ENGINE Stopped thread '_TimeoutMonitor'.
[07/Jun/2012:00:07:36] ENGINE Bus STOPPED
[07/Jun/2012:00:07:36] ENGINE Bus EXITING
[07/Jun/2012:00:07:36] ENGINE Bus EXITED
[07/Jun/2012:00:07:36] ENGINE Waiting for child threads to terminate...
[11/Jun/2012:21:32:52] ENGINE Bus STARTING
[11/Jun/2012:21:32:52] ENGINE Started monitor thread '_TimeoutMonitor'.
[11/Jun/2012:21:32:53] ENGINE Serving on localhost:8080
[11/Jun/2012:21:32:53] ENGINE Bus STARTED
[11/Jun/2012:21:44:27] ENGINE Keyboard Interrupt: shutting down bus
[11/Jun/2012:21:44:27] ENGINE Bus STOPPING
[11/Jun/2012:21:44:31] ENGINE HTTP Server cherrypy._cpwsgi_server.CPWSGIServer(('localhost', 8080)) shut down
[11/Jun/2012:21:44:31] ENGINE Stopped thread '_TimeoutMonitor'.
[11/Jun/2012:21:44:31] ENGINE Bus STOPPED
[11/Jun/2012:21:44:31] ENGINE Bus EXITING
[11/Jun/2012:21:44:31] ENGINE Bus EXITED
[11/Jun/2012:21:44:31] ENGINE Waiting for child threads to terminate...
[11/Jun/2012:22:07:10] ENGINE Bus STARTING
[11/Jun/2012:22:07:10] ENGINE Started monitor thread '_TimeoutMonitor'.
[11/Jun/2012:22:07:10] ENGINE Serving on localhost:8080
[11/Jun/2012:22:07:10] ENGINE Bus STARTED
[11/Jun/2012:22:08:05] ENGINE Keyboard Interrupt: shutting down bus
[11/Jun/2012:22:08:05] ENGINE Bus STOPPING
[11/Jun/2012:22:08:05] ENGINE HTTP Server cherrypy._cpwsgi_server.CPWSGIServer(('localhost', 8080)) shut down
[11/Jun/2012:22:08:05] ENGINE Stopped thread '_TimeoutMonitor'.
[11/Jun/2012:22:08:05] ENGINE Bus STOPPED
[11/Jun/2012:22:08:05] ENGINE Bus EXITING
[11/Jun/2012:22:08:05] ENGINE Bus EXITED
[11/Jun/2012:22:08:05] ENGINE Waiting for child threads to terminate...
